2025-11-09 12:05:03,332 - TradingBot - WARNING - No data returned for XAUUSD.s M15
2025-11-09 12:05:03,333 - TradingBot - WARNING - No data returned for XAUUSD.s H1
2025-11-09 12:05:03,334 - TradingBot - WARNING - No data returned for XAUUSD.s H4
2025-11-09 12:05:03,337 - TradingBot - WARNING - No data returned for XAUUSD.s M15
2025-11-09 12:05:03,338 - TradingBot - WARNING - No data returned for XAUUSD.s H1
2025-11-09 12:05:03,339 - TradingBot - WARNING - No data returned for XAUUSD.s H4
2025-11-09 12:05:03,341 - TradingBot - WARNING - No data returned for XAUUSD.s M15
2025-11-09 12:05:03,342 - TradingBot - WARNING - No data returned for XAUUSD.s H1
2025-11-09 12:05:03,343 - TradingBot - WARNING - No data returned for XAUUSD.s H4
2025-11-09 12:05:03,348 - TradingBot - WARNING - No data returned for XAUUSD.s M15
2025-11-09 12:05:03,349 - TradingBot - WARNING - No data returned for XAUUSD.s H1
2025-11-09 12:05:03,350 - TradingBot - WARNING - No data returned for XAUUSD.s H4
2025-11-09 12:05:03,352 - TradingBot - WARNING - No data returned for XAUUSD.s M15
2025-11-09 12:05:03,353 - TradingBot - WARNING - No data returned for XAUUSD.s H1
2025-11-09 12:05:03,353 - TradingBot - WARNING - No data returned for XAUUSD.s H4
2025-11-09 12:05:03,355 - TradingBot - WARNING - No data returned for XAUUSD.s M15
2025-11-09 12:05:03,356 - TradingBot - WARNING - No data returned for XAUUSD.s H1
2025-11-09 12:05:03,357 - TradingBot - WARNING - No data returned for XAUUSD.s H4
2025-11-09 12:05:03,359 - TradingBot - WARNING - No data returned for XAUUSD.s M15
2025-11-09 12:05:03,364 - TradingBot - WARNING - No data returned for XAUUSD.s H1
2025-11-09 12:05:03,365 - TradingBot - WARNING - No data returned for XAUUSD.s H4
2025-11-09 12:05:03,367 - TradingBot - WARNING - No data returned for XAUUSD.s M15
2025-11-09 12:05:03,368 - TradingBot - WARNING - No data returned for XAUUSD.s H1
2025-11-09 12:05:03,368 - TradingBot - WARNING - No data returned for XAUUSD.s H4
2025-11-09 12:05:03,370 - TradingBot - WARNING - No data returned for XAUUSD.s M15
2025-11-09 12:05:03,371 - TradingBot - WARNING - No data returned for XAUUSD.s H1
2025-11-09 12:05:03,372 - TradingBot - WARNING - No data returned for XAUUSD.s H4
2025-11-09 12:05:03,373 - TradingBot - WARNING - No data returned for XAUUSD.s M15
2025-11-09 12:05:03,374 - TradingBot - WARNING - No data returned for XAUUSD.s H1
2025-11-09 12:05:03,375 - TradingBot - WARNING - No data returned for XAUUSD.s H4
2025-11-09 12:05:03,379 - TradingBot - WARNING - No data returned for XAUUSD.s M15
2025-11-09 12:05:03,380 - TradingBot - WARNING - No data returned for XAUUSD.s H1
2025-11-09 12:05:03,381 - TradingBot - WARNING - No data returned for XAUUSD.s H4
2025-11-09 12:05:03,383 - TradingBot - WARNING - No data returned for XAUUSD.s M15
2025-11-09 12:05:03,384 - TradingBot - WARNING - No data returned for XAUUSD.s H1
2025-11-09 12:05:03,385 - TradingBot - WARNING - No data returned for XAUUSD.s H4
2025-11-09 12:05:03,387 - TradingBot - WARNING - No data returned for XAUUSD.s M15
2025-11-09 12:05:03,388 - TradingBot - WARNING - No data returned for XAUUSD.s H1
2025-11-09 12:05:03,389 - TradingBot - WARNING - No data returned for XAUUSD.s H4
2025-11-09 12:05:03,392 - TradingBot - WARNING - No data returned for XAUUSD.s M15
2025-11-09 12:05:03,394 - TradingBot - WARNING - No data returned for XAUUSD.s H1
2025-11-09 12:05:03,395 - TradingBot - WARNING - No data returned for XAUUSD.s H4
2025-11-09 12:05:03,398 - TradingBot - WARNING - No data returned for XAUUSD.s M15
2025-11-09 12:05:03,398 - TradingBot - WARNING - No data returned for XAUUSD.s H1
2025-11-09 12:05:03,399 - TradingBot - WARNING - No data returned for XAUUSD.s H4
2025-11-09 12:05:03,401 - TradingBot - WARNING - No data returned for XAUUSD.s M15
2025-11-09 12:05:03,402 - TradingBot - WARNING - No data returned for XAUUSD.s H1
2025-11-09 12:05:03,403 - TradingBot - WARNING - No data returned for XAUUSD.s H4
2025-11-09 12:05:03,405 - TradingBot - WARNING - No data returned for XAUUSD.s M15
2025-11-09 12:05:03,405 - TradingBot - WARNING - No data returned for XAUUSD.s H1
2025-11-09 12:05:03,408 - TradingBot - WARNING - No data returned for XAUUSD.s H4
2025-11-09 12:05:03,411 - TradingBot - WARNING - No data returned for XAUUSD.s M15
2025-11-09 12:05:03,412 - TradingBot - WARNING - No data returned for XAUUSD.s H1
2025-11-09 12:05:03,414 - TradingBot - WARNING - No data returned for XAUUSD.s H4
2025-11-09 12:05:03,416 - TradingBot - WARNING - No data returned for XAUUSD.s M15
2025-11-09 12:05:03,417 - TradingBot - WARNING - No data returned for XAUUSD.s H1
2025-11-09 12:05:03,418 - TradingBot - WARNING - No data returned for XAUUSD.s H4
2025-11-09 12:05:03,421 - TradingBot - WARNING - No data returned for XAUUSD.s M15
2025-11-09 12:05:03,423 - TradingBot - WARNING - No data returned for XAUUSD.s H1
2025-11-09 12:05:03,425 - TradingBot - WARNING - No data returned for XAUUSD.s H4
2025-11-09 12:05:03,428 - TradingBot - WARNING - No data returned for XAUUSD.s M15
2025-11-09 12:05:03,429 - TradingBot - WARNING - No data returned for XAUUSD.s H1
2025-11-09 12:05:03,431 - TradingBot - WARNING - No data returned for XAUUSD.s H4
2025-11-09 12:05:03,433 - TradingBot - WARNING - No data returned for XAUUSD.s M15
2025-11-09 12:05:03,434 - TradingBot - WARNING - No data returned for XAUUSD.s H1
2025-11-09 12:05:03,435 - TradingBot - WARNING - No data returned for XAUUSD.s H4
2025-11-09 12:05:03,439 - TradingBot - WARNING - No data returned for XAUUSD.s M15
2025-11-09 12:05:03,440 - TradingBot - WARNING - No data returned for XAUUSD.s H1
2025-11-09 12:05:03,441 - TradingBot - WARNING - No data returned for XAUUSD.s H4
2025-11-09 12:05:03,444 - TradingBot - WARNING - No data returned for XAUUSD.s M15
2025-11-09 12:05:03,445 - TradingBot - WARNING - No data returned for XAUUSD.s H1
2025-11-09 12:05:03,447 - TradingBot - WARNING - No data returned for XAUUSD.s H4
2025-11-09 12:05:03,449 - TradingBot - WARNING - No data returned for XAUUSD.s M15
2025-11-09 12:05:03,450 - TradingBot - WARNING - No data returned for XAUUSD.s H1
2025-11-09 12:05:03,453 - TradingBot - WARNING - No data returned for XAUUSD.s H4
2025-11-09 12:05:03,456 - TradingBot - WARNING - No data returned for XAUUSD.s M15
2025-11-09 12:05:03,457 - TradingBot - WARNING - No data returned for XAUUSD.s H1
2025-11-09 12:05:03,458 - TradingBot - WARNING - No data returned for XAUUSD.s H4
2025-11-09 12:05:03,461 - TradingBot - WARNING - No data returned for XAUUSD.s M15
2025-11-09 12:05:03,462 - TradingBot - WARNING - No data returned for XAUUSD.s H1
2025-11-09 12:05:03,464 - TradingBot - WARNING - No data returned for XAUUSD.s H4
2025-11-09 12:05:03,466 - TradingBot - WARNING - No data returned for XAUUSD.s M15
2025-11-09 12:05:03,468 - TradingBot - WARNING - No data returned for XAUUSD.s H1
2025-11-09 12:05:03,471 - TradingBot - WARNING - No data returned for XAUUSD.s H4
2025-11-09 12:05:03,474 - TradingBot - WARNING - No data returned for XAUUSD.s M15
2025-11-09 12:05:03,475 - TradingBot - WARNING - No data returned for XAUUSD.s H1
2025-11-09 12:05:03,476 - TradingBot - WARNING - No data returned for XAUUSD.s H4
2025-11-09 12:05:03,479 - TradingBot - WARNING - No data returned for XAUUSD.s M15
2025-11-09 12:05:03,480 - TradingBot - WARNING - No data returned for XAUUSD.s H1
2025-11-09 12:05:03,481 - TradingBot - WARNING - No data returned for XAUUSD.s H4
2025-11-09 12:05:03,483 - TradingBot - WARNING - No data returned for XAUUSD.s M15
2025-11-09 12:05:03,485 - TradingBot - WARNING - No data returned for XAUUSD.s H1
2025-11-09 12:05:03,487 - TradingBot - WARNING - No data returned for XAUUSD.s H4
2025-11-09 12:05:03,489 - TradingBot - WARNING - No data returned for XAUUSD.s M15
2025-11-09 12:05:03,490 - TradingBot - WARNING - No data returned for XAUUSD.s H1
2025-11-09 12:05:03,491 - TradingBot - WARNING - No data returned for XAUUSD.s H4
2025-11-09 12:05:03,493 - TradingBot - WARNING - No data returned for XAUUSD.s M15
2025-11-09 12:05:03,494 - TradingBot - WARNING - No data returned for XAUUSD.s H1
2025-11-09 12:05:03,495 - TradingBot - WARNING - No data returned for XAUUSD.s H4
2025-11-09 12:05:03,498 - TradingBot - WARNING - No data returned for XAUUSD.s M15
2025-11-09 12:05:03,499 - TradingBot - WARNING - No data returned for XAUUSD.s H1
2025-11-09 12:05:03,502 - TradingBot - WARNING - No data returned for XAUUSD.s H4
2025-11-09 12:05:03,505 - TradingBot - WARNING - No data returned for XAUUSD.s M15
2025-11-09 12:05:03,506 - TradingBot - WARNING - No data returned for XAUUSD.s H1
2025-11-09 12:05:03,507 - TradingBot - WARNING - No data returned for XAUUSD.s H4
2025-11-09 12:05:03,509 - TradingBot - WARNING - No data returned for XAUUSD.s M15
2025-11-09 12:05:03,510 - TradingBot - WARNING - No data returned for XAUUSD.s H1
2025-11-09 12:05:03,511 - TradingBot - WARNING - No data returned for XAUUSD.s H4
2025-11-09 12:05:03,513 - TradingBot - WARNING - No data returned for XAUUSD.s M15
2025-11-09 12:05:03,514 - TradingBot - WARNING - No data returned for XAUUSD.s H1
2025-11-09 12:05:03,517 - TradingBot - WARNING - No data returned for XAUUSD.s H4
2025-11-09 12:05:03,520 - TradingBot - WARNING - No data returned for XAUUSD.s M15
2025-11-09 12:05:03,521 - TradingBot - WARNING - No data returned for XAUUSD.s H1
2025-11-09 12:05:03,522 - TradingBot - WARNING - No data returned for XAUUSD.s H4
2025-11-09 12:05:03,524 - TradingBot - WARNING - No data returned for XAUUSD.s M15
2025-11-09 12:05:03,525 - TradingBot - WARNING - No data returned for XAUUSD.s H1
2025-11-09 12:05:03,526 - TradingBot - WARNING - No data returned for XAUUSD.s H4
2025-11-09 12:05:03,529 - TradingBot - WARNING - No data returned for XAUUSD.s M15
2025-11-09 12:05:03,530 - TradingBot - WARNING - No data returned for XAUUSD.s H1
2025-11-09 12:05:03,532 - TradingBot - WARNING - No data returned for XAUUSD.s H4
2025-11-09 12:05:03,535 - TradingBot - WARNING - No data returned for XAUUSD.s M15
2025-11-09 12:05:03,536 - TradingBot - WARNING - No data returned for XAUUSD.s H1
2025-11-09 12:05:03,537 - TradingBot - WARNING - No data returned for XAUUSD.s H4
2025-11-09 12:05:03,539 - TradingBot - WARNING - No data returned for XAUUSD.s M15
2025-11-09 12:05:03,540 - TradingBot - WARNING - No data returned for XAUUSD.s H1
2025-11-09 12:05:03,541 - TradingBot - WARNING - No data returned for XAUUSD.s H4
2025-11-09 12:05:03,544 - TradingBot - WARNING - No data returned for XAUUSD.s M15
2025-11-09 12:05:03,544 - TradingBot - WARNING - No data returned for XAUUSD.s H1
2025-11-09 12:05:03,547 - TradingBot - WARNING - No data returned for XAUUSD.s H4
2025-11-09 12:05:03,551 - TradingBot - WARNING - No data returned for XAUUSD.s M15
2025-11-09 12:05:03,551 - TradingBot - WARNING - No data returned for XAUUSD.s H1
2025-11-09 12:05:03,552 - TradingBot - WARNING - No data returned for XAUUSD.s H4
2025-11-09 12:05:03,554 - TradingBot - WARNING - No data returned for XAUUSD.s M15
2025-11-09 12:05:03,555 - TradingBot - WARNING - No data returned for XAUUSD.s H1
2025-11-09 12:05:03,556 - TradingBot - WARNING - No data returned for XAUUSD.s H4
2025-11-09 12:05:03,559 - TradingBot - WARNING - No data returned for XAUUSD.s M15
2025-11-09 12:05:03,559 - TradingBot - WARNING - No data returned for XAUUSD.s H1
2025-11-09 12:05:03,560 - TradingBot - WARNING - No data returned for XAUUSD.s H4
2025-11-09 12:05:03,564 - TradingBot - WARNING - No data returned for XAUUSD.s M15
2025-11-09 12:05:03,565 - TradingBot - WARNING - No data returned for XAUUSD.s H1
2025-11-09 12:05:03,566 - TradingBot - WARNING - No data returned for XAUUSD.s H4
2025-11-09 12:05:03,568 - TradingBot - WARNING - No data returned for XAUUSD.s M15
2025-11-09 12:05:03,569 - TradingBot - WARNING - No data returned for XAUUSD.s H1
2025-11-09 12:05:03,570 - TradingBot - WARNING - No data returned for XAUUSD.s H4
2025-11-09 12:05:03,572 - TradingBot - WARNING - No data returned for XAUUSD.s M15
2025-11-09 12:05:03,573 - TradingBot - WARNING - No data returned for XAUUSD.s H1
2025-11-09 12:05:03,574 - TradingBot - WARNING - No data returned for XAUUSD.s H4
2025-11-09 12:05:03,576 - TradingBot - WARNING - No data returned for XAUUSD.s M15
2025-11-09 12:05:03,580 - TradingBot - WARNING - No data returned for XAUUSD.s H1
2025-11-09 12:05:03,581 - TradingBot - WARNING - No data returned for XAUUSD.s H4
2025-11-09 12:05:03,584 - TradingBot - WARNING - No data returned for XAUUSD.s M15
2025-11-09 12:05:03,584 - TradingBot - WARNING - No data returned for XAUUSD.s H1
2025-11-09 12:05:03,585 - TradingBot - WARNING - No data returned for XAUUSD.s H4
2025-11-09 12:05:03,588 - TradingBot - WARNING - No data returned for XAUUSD.s M15
2025-11-09 12:05:03,588 - TradingBot - WARNING - No data returned for XAUUSD.s H1
2025-11-09 12:05:03,589 - TradingBot - WARNING - No data returned for XAUUSD.s H4
2025-11-09 12:05:03,592 - TradingBot - WARNING - No data returned for XAUUSD.s M15
2025-11-09 12:05:03,593 - TradingBot - WARNING - No data returned for XAUUSD.s H1
2025-11-09 12:05:03,597 - TradingBot - WARNING - No data returned for XAUUSD.s H4
2025-11-09 12:05:03,600 - TradingBot - WARNING - No data returned for XAUUSD.s M15
2025-11-09 12:05:03,601 - TradingBot - WARNING - No data returned for XAUUSD.s H1
2025-11-09 12:05:03,602 - TradingBot - WARNING - No data returned for XAUUSD.s H4
2025-11-09 12:05:03,604 - TradingBot - WARNING - No data returned for XAUUSD.s M15
2025-11-09 12:05:03,605 - TradingBot - WARNING - No data returned for XAUUSD.s H1
2025-11-09 12:05:03,606 - TradingBot - WARNING - No data returned for XAUUSD.s H4
2025-11-09 12:05:03,608 - TradingBot - WARNING - No data returned for XAUUSD.s M15
2025-11-09 12:05:03,609 - TradingBot - WARNING - No data returned for XAUUSD.s H1
2025-11-09 12:05:03,612 - TradingBot - WARNING - No data returned for XAUUSD.s H4
2025-11-09 12:05:03,615 - TradingBot - WARNING - No data returned for XAUUSD.s M15
2025-11-09 12:05:03,616 - TradingBot - WARNING - No data returned for XAUUSD.s H1
2025-11-09 12:05:03,617 - TradingBot - WARNING - No data returned for XAUUSD.s H4
2025-11-09 12:05:03,619 - TradingBot - WARNING - No data returned for XAUUSD.s M15
2025-11-09 12:05:03,620 - TradingBot - WARNING - No data returned for XAUUSD.s H1
2025-11-09 12:05:03,621 - TradingBot - WARNING - No data returned for XAUUSD.s H4
2025-11-09 12:05:03,623 - TradingBot - WARNING - No data returned for XAUUSD.s M15
2025-11-09 12:05:03,626 - TradingBot - WARNING - No data returned for XAUUSD.s H1
2025-11-09 12:05:03,628 - TradingBot - WARNING - No data returned for XAUUSD.s H4
2025-11-09 12:05:03,630 - TradingBot - WARNING - No data returned for XAUUSD.s M15
2025-11-09 12:05:03,630 - TradingBot - WARNING - No data returned for XAUUSD.s H1
2025-11-09 12:05:03,631 - TradingBot - WARNING - No data returned for XAUUSD.s H4
2025-11-09 12:05:03,649 - TradingBot - WARNING - No data returned for USDJPY.s M15
2025-11-09 12:05:03,650 - TradingBot - WARNING - No data returned for USDJPY.s H1
2025-11-09 12:05:03,651 - TradingBot - WARNING - No data returned for USDJPY.s H4
2025-11-09 12:05:03,653 - TradingBot - WARNING - No data returned for USDJPY.s M15
2025-11-09 12:05:03,654 - TradingBot - WARNING - No data returned for USDJPY.s H1
2025-11-09 12:05:03,657 - TradingBot - WARNING - No data returned for USDJPY.s H4
2025-11-09 12:05:03,659 - TradingBot - WARNING - No data returned for USDJPY.s M15
2025-11-09 12:05:03,660 - TradingBot - WARNING - No data returned for USDJPY.s H1
2025-11-09 12:05:03,661 - TradingBot - WARNING - No data returned for USDJPY.s H4
2025-11-09 12:05:03,664 - TradingBot - WARNING - No data returned for USDJPY.s M15
2025-11-09 12:05:03,664 - TradingBot - WARNING - No data returned for USDJPY.s H1
2025-11-09 12:05:03,665 - TradingBot - WARNING - No data returned for USDJPY.s H4
2025-11-09 12:05:03,667 - TradingBot - WARNING - No data returned for USDJPY.s M15
2025-11-09 12:05:03,668 - TradingBot - WARNING - No data returned for USDJPY.s H1
2025-11-09 12:05:03,672 - TradingBot - WARNING - No data returned for USDJPY.s H4
2025-11-09 12:05:03,675 - TradingBot - WARNING - No data returned for USDJPY.s M15
2025-11-09 12:05:03,675 - TradingBot - WARNING - No data returned for USDJPY.s H1
2025-11-09 12:05:03,677 - TradingBot - WARNING - No data returned for USDJPY.s H4
2025-11-09 12:05:03,680 - TradingBot - WARNING - No data returned for USDJPY.s M15
2025-11-09 12:05:03,680 - TradingBot - WARNING - No data returned for USDJPY.s H1
2025-11-09 12:05:03,681 - TradingBot - WARNING - No data returned for USDJPY.s H4
2025-11-09 12:05:03,684 - TradingBot - WARNING - No data returned for USDJPY.s M15
2025-11-09 12:05:03,685 - TradingBot - WARNING - No data returned for USDJPY.s H1
2025-11-09 12:05:03,687 - TradingBot - WARNING - No data returned for USDJPY.s H4
2025-11-09 12:05:03,690 - TradingBot - WARNING - No data returned for USDJPY.s M15
2025-11-09 12:05:03,691 - TradingBot - WARNING - No data returned for USDJPY.s H1
2025-11-09 12:05:03,692 - TradingBot - WARNING - No data returned for USDJPY.s H4
2025-11-09 12:05:03,695 - TradingBot - WARNING - No data returned for USDJPY.s M15
2025-11-09 12:05:03,696 - TradingBot - WARNING - No data returned for USDJPY.s H1
2025-11-09 12:05:03,697 - TradingBot - WARNING - No data returned for USDJPY.s H4
2025-11-09 12:05:03,700 - TradingBot - WARNING - No data returned for USDJPY.s M15
2025-11-09 12:05:03,701 - TradingBot - WARNING - No data returned for USDJPY.s H1
2025-11-09 12:05:03,704 - TradingBot - WARNING - No data returned for USDJPY.s H4
2025-11-09 12:05:03,707 - TradingBot - WARNING - No data returned for USDJPY.s M15
2025-11-09 12:05:03,707 - TradingBot - WARNING - No data returned for USDJPY.s H1
2025-11-09 12:05:03,709 - TradingBot - WARNING - No data returned for USDJPY.s H4
2025-11-09 12:05:03,711 - TradingBot - WARNING - No data returned for USDJPY.s M15
2025-11-09 12:05:03,712 - TradingBot - WARNING - No data returned for USDJPY.s H1
2025-11-09 12:05:03,713 - TradingBot - WARNING - No data returned for USDJPY.s H4
2025-11-09 12:05:03,716 - TradingBot - WARNING - No data returned for USDJPY.s M15
2025-11-09 12:05:03,717 - TradingBot - WARNING - No data returned for USDJPY.s H1
2025-11-09 12:05:03,719 - TradingBot - WARNING - No data returned for USDJPY.s H4
2025-11-09 12:05:03,723 - TradingBot - WARNING - No data returned for USDJPY.s M15
2025-11-09 12:05:03,723 - TradingBot - WARNING - No data returned for USDJPY.s H1
2025-11-09 12:05:03,725 - TradingBot - WARNING - No data returned for USDJPY.s H4
2025-11-09 12:05:03,726 - TradingBot - WARNING - No data returned for USDJPY.s M15
2025-11-09 12:05:03,727 - TradingBot - WARNING - No data returned for USDJPY.s H1
2025-11-09 12:05:03,728 - TradingBot - WARNING - No data returned for USDJPY.s H4
2025-11-09 12:05:03,730 - TradingBot - WARNING - No data returned for USDJPY.s M15
2025-11-09 12:05:03,731 - TradingBot - WARNING - No data returned for USDJPY.s H1
2025-11-09 12:05:03,732 - TradingBot - WARNING - No data returned for USDJPY.s H4
2025-11-09 12:05:03,736 - TradingBot - WARNING - No data returned for USDJPY.s M15
2025-11-09 12:05:03,737 - TradingBot - WARNING - No data returned for USDJPY.s H1
2025-11-09 12:05:03,738 - TradingBot - WARNING - No data returned for USDJPY.s H4
2025-11-09 12:05:03,740 - TradingBot - WARNING - No data returned for USDJPY.s M15
2025-11-09 12:05:03,741 - TradingBot - WARNING - No data returned for USDJPY.s H1
2025-11-09 12:05:03,742 - TradingBot - WARNING - No data returned for USDJPY.s H4
2025-11-09 12:05:03,744 - TradingBot - WARNING - No data returned for USDJPY.s M15
2025-11-09 12:05:03,745 - TradingBot - WARNING - No data returned for USDJPY.s H1
2025-11-09 12:05:03,746 - TradingBot - WARNING - No data returned for USDJPY.s H4
2025-11-09 12:05:03,749 - TradingBot - WARNING - No data returned for USDJPY.s M15
2025-11-09 12:05:03,751 - TradingBot - WARNING - No data returned for USDJPY.s H1
2025-11-09 12:05:03,753 - TradingBot - WARNING - No data returned for USDJPY.s H4
2025-11-09 12:05:03,755 - TradingBot - WARNING - No data returned for USDJPY.s M15
2025-11-09 12:05:03,756 - TradingBot - WARNING - No data returned for USDJPY.s H1
2025-11-09 12:05:03,757 - TradingBot - WARNING - No data returned for USDJPY.s H4
2025-11-09 12:05:03,758 - TradingBot - WARNING - No data returned for USDJPY.s M15
2025-11-09 12:05:03,759 - TradingBot - WARNING - No data returned for USDJPY.s H1
2025-11-09 12:05:03,760 - TradingBot - WARNING - No data returned for USDJPY.s H4
2025-11-09 12:05:03,761 - TradingBot - WARNING - No data returned for USDJPY.s M15
2025-11-09 12:05:03,762 - TradingBot - WARNING - No data returned for USDJPY.s H1
2025-11-09 12:05:03,763 - TradingBot - WARNING - No data returned for USDJPY.s H4
2025-11-09 12:05:03,764 - TradingBot - WARNING - No data returned for USDJPY.s M15
2025-11-09 12:05:03,767 - TradingBot - WARNING - No data returned for USDJPY.s H1
2025-11-09 12:05:03,769 - TradingBot - WARNING - No data returned for USDJPY.s H4
2025-11-09 12:05:03,771 - TradingBot - WARNING - No data returned for USDJPY.s M15
2025-11-09 12:05:03,772 - TradingBot - WARNING - No data returned for USDJPY.s H1
2025-11-09 12:05:03,773 - TradingBot - WARNING - No data returned for USDJPY.s H4
2025-11-09 12:05:03,775 - TradingBot - WARNING - No data returned for USDJPY.s M15
2025-11-09 12:05:03,775 - TradingBot - WARNING - No data returned for USDJPY.s H1
2025-11-09 12:05:03,776 - TradingBot - WARNING - No data returned for USDJPY.s H4
2025-11-09 12:05:03,778 - TradingBot - WARNING - No data returned for USDJPY.s M15
2025-11-09 12:05:03,778 - TradingBot - WARNING - No data returned for USDJPY.s H1
2025-11-09 12:05:03,779 - TradingBot - WARNING - No data returned for USDJPY.s H4
2025-11-09 12:05:03,782 - TradingBot - WARNING - No data returned for USDJPY.s M15
2025-11-09 12:05:03,784 - TradingBot - WARNING - No data returned for USDJPY.s H1
2025-11-09 12:05:03,786 - TradingBot - WARNING - No data returned for USDJPY.s H4
2025-11-09 12:05:03,788 - TradingBot - WARNING - No data returned for USDJPY.s M15
2025-11-09 12:05:03,789 - TradingBot - WARNING - No data returned for USDJPY.s H1
2025-11-09 12:05:03,790 - TradingBot - WARNING - No data returned for USDJPY.s H4
2025-11-09 12:05:03,792 - TradingBot - WARNING - No data returned for USDJPY.s M15
2025-11-09 12:05:03,793 - TradingBot - WARNING - No data returned for USDJPY.s H1
2025-11-09 12:05:03,794 - TradingBot - WARNING - No data returned for USDJPY.s H4
2025-11-09 12:05:03,796 - TradingBot - WARNING - No data returned for USDJPY.s M15
2025-11-09 12:05:03,799 - TradingBot - WARNING - No data returned for USDJPY.s H1
2025-11-09 12:05:03,801 - TradingBot - WARNING - No data returned for USDJPY.s H4
2025-11-09 12:05:03,803 - TradingBot - WARNING - No data returned for USDJPY.s M15
2025-11-09 12:05:03,804 - TradingBot - WARNING - No data returned for USDJPY.s H1
2025-11-09 12:05:03,805 - TradingBot - WARNING - No data returned for USDJPY.s H4
2025-11-09 12:05:03,807 - TradingBot - WARNING - No data returned for USDJPY.s M15
2025-11-09 12:05:03,808 - TradingBot - WARNING - No data returned for USDJPY.s H1
2025-11-09 12:05:03,808 - TradingBot - WARNING - No data returned for USDJPY.s H4
2025-11-09 12:05:03,810 - TradingBot - WARNING - No data returned for USDJPY.s M15
2025-11-09 12:05:03,811 - TradingBot - WARNING - No data returned for USDJPY.s H1
2025-11-09 12:05:03,812 - TradingBot - WARNING - No data returned for USDJPY.s H4
2025-11-09 12:05:03,816 - TradingBot - WARNING - No data returned for USDJPY.s M15
2025-11-09 12:05:03,817 - TradingBot - WARNING - No data returned for USDJPY.s H1
2025-11-09 12:05:03,817 - TradingBot - WARNING - No data returned for USDJPY.s H4
2025-11-09 12:05:03,820 - TradingBot - WARNING - No data returned for USDJPY.s M15
2025-11-09 12:05:03,820 - TradingBot - WARNING - No data returned for USDJPY.s H1
2025-11-09 12:05:03,821 - TradingBot - WARNING - No data returned for USDJPY.s H4
2025-11-09 12:05:03,823 - TradingBot - WARNING - No data returned for USDJPY.s M15
2025-11-09 12:05:03,824 - TradingBot - WARNING - No data returned for USDJPY.s H1
2025-11-09 12:05:03,826 - TradingBot - WARNING - No data returned for USDJPY.s H4
2025-11-09 12:05:03,826 - TradingBot - WARNING - No data returned for USDJPY.s M15
2025-11-09 12:05:03,829 - TradingBot - WARNING - No data returned for USDJPY.s H1
2025-11-09 12:05:03,831 - TradingBot - WARNING - No data returned for USDJPY.s H4
2025-11-09 12:05:03,833 - TradingBot - WARNING - No data returned for USDJPY.s M15
2025-11-09 12:05:03,834 - TradingBot - WARNING - No data returned for USDJPY.s H1
2025-11-09 12:05:03,835 - TradingBot - WARNING - No data returned for USDJPY.s H4
2025-11-09 12:05:03,837 - TradingBot - WARNING - No data returned for USDJPY.s M15
2025-11-09 12:05:03,837 - TradingBot - WARNING - No data returned for USDJPY.s H1
2025-11-09 12:05:03,838 - TradingBot - WARNING - No data returned for USDJPY.s H4
2025-11-09 12:05:03,840 - TradingBot - WARNING - No data returned for USDJPY.s M15
2025-11-09 12:05:03,840 - TradingBot - WARNING - No data returned for USDJPY.s H1
2025-11-09 12:05:03,841 - TradingBot - WARNING - No data returned for USDJPY.s H4
2025-11-09 12:05:03,843 - TradingBot - WARNING - No data returned for USDJPY.s M15
2025-11-09 12:05:03,844 - TradingBot - WARNING - No data returned for USDJPY.s H1
2025-11-09 12:05:03,847 - TradingBot - WARNING - No data returned for USDJPY.s H4
2025-11-09 12:05:03,850 - TradingBot - WARNING - No data returned for USDJPY.s M15
2025-11-09 12:05:03,850 - TradingBot - WARNING - No data returned for USDJPY.s H1
2025-11-09 12:05:03,851 - TradingBot - WARNING - No data returned for USDJPY.s H4
2025-11-09 12:05:03,853 - TradingBot - WARNING - No data returned for USDJPY.s M15
2025-11-09 12:05:03,854 - TradingBot - WARNING - No data returned for USDJPY.s H1
2025-11-09 12:05:03,854 - TradingBot - WARNING - No data returned for USDJPY.s H4
2025-11-09 12:05:03,856 - TradingBot - WARNING - No data returned for USDJPY.s M15
2025-11-09 12:05:03,857 - TradingBot - WARNING - No data returned for USDJPY.s H1
2025-11-09 12:05:03,858 - TradingBot - WARNING - No data returned for USDJPY.s H4
2025-11-09 12:05:03,861 - TradingBot - WARNING - No data returned for USDJPY.s M15
2025-11-09 12:05:03,861 - TradingBot - WARNING - No data returned for USDJPY.s H1
2025-11-09 12:05:03,863 - TradingBot - WARNING - No data returned for USDJPY.s H4
2025-11-09 12:05:03,865 - TradingBot - WARNING - No data returned for USDJPY.s M15
2025-11-09 12:05:03,866 - TradingBot - WARNING - No data returned for USDJPY.s H1
2025-11-09 12:05:03,866 - TradingBot - WARNING - No data returned for USDJPY.s H4
2025-11-09 12:05:03,868 - TradingBot - WARNING - No data returned for USDJPY.s M15
2025-11-09 12:05:03,869 - TradingBot - WARNING - No data returned for USDJPY.s H1
2025-11-09 12:05:03,870 - TradingBot - WARNING - No data returned for USDJPY.s H4
2025-11-09 12:05:03,872 - TradingBot - WARNING - No data returned for USDJPY.s M15
2025-11-09 12:05:03,872 - TradingBot - WARNING - No data returned for USDJPY.s H1
2025-11-09 12:05:03,873 - TradingBot - WARNING - No data returned for USDJPY.s H4
2025-11-09 12:05:03,877 - TradingBot - WARNING - No data returned for USDJPY.s M15
2025-11-09 12:05:03,877 - TradingBot - WARNING - No data returned for USDJPY.s H1
2025-11-09 12:05:03,879 - TradingBot - WARNING - No data returned for USDJPY.s H4
2025-11-09 12:05:03,881 - TradingBot - WARNING - No data returned for USDJPY.s M15
2025-11-09 12:05:03,882 - TradingBot - WARNING - No data returned for USDJPY.s H1
2025-11-09 12:05:03,883 - TradingBot - WARNING - No data returned for USDJPY.s H4
2025-11-09 12:05:03,884 - TradingBot - WARNING - No data returned for USDJPY.s M15
2025-11-09 12:05:03,885 - TradingBot - WARNING - No data returned for USDJPY.s H1
2025-11-09 12:05:03,886 - TradingBot - WARNING - No data returned for USDJPY.s H4
2025-11-09 12:05:03,887 - TradingBot - WARNING - No data returned for USDJPY.s M15
2025-11-09 12:05:03,888 - TradingBot - WARNING - No data returned for USDJPY.s H1
2025-11-09 12:05:03,889 - TradingBot - WARNING - No data returned for USDJPY.s H4
2025-11-09 12:05:03,890 - TradingBot - WARNING - No data returned for USDJPY.s M15
2025-11-09 12:05:03,893 - TradingBot - WARNING - No data returned for USDJPY.s H1
2025-11-09 12:05:03,894 - TradingBot - WARNING - No data returned for USDJPY.s H4
2025-11-09 12:05:03,896 - TradingBot - WARNING - No data returned for USDJPY.s M15
2025-11-09 12:05:03,897 - TradingBot - WARNING - No data returned for USDJPY.s H1
2025-11-09 12:05:03,898 - TradingBot - WARNING - No data returned for USDJPY.s H4
2025-11-09 12:05:03,899 - TradingBot - WARNING - No data returned for USDJPY.s M15
2025-11-09 12:05:03,900 - TradingBot - WARNING - No data returned for USDJPY.s H1
2025-11-09 12:05:03,901 - TradingBot - WARNING - No data returned for USDJPY.s H4
2025-11-09 12:05:03,903 - TradingBot - WARNING - No data returned for USDJPY.s M15
2025-11-09 12:05:03,903 - TradingBot - WARNING - No data returned for USDJPY.s H1
2025-11-09 12:05:03,904 - TradingBot - WARNING - No data returned for USDJPY.s H4
2025-11-09 12:05:03,908 - TradingBot - WARNING - No data returned for USDJPY.s M15
2025-11-09 12:05:03,909 - TradingBot - WARNING - No data returned for USDJPY.s H1
2025-11-09 12:05:03,910 - TradingBot - WARNING - No data returned for USDJPY.s H4
2025-11-09 12:05:03,912 - TradingBot - WARNING - No data returned for USDJPY.s M15
2025-11-09 12:05:03,913 - TradingBot - WARNING - No data returned for USDJPY.s H1
2025-11-09 12:05:03,914 - TradingBot - WARNING - No data returned for USDJPY.s H4
2025-11-09 12:05:03,932 - TradingBot - WARNING - No data returned for EURUSD.s M15
2025-11-09 12:05:03,933 - TradingBot - WARNING - No data returned for EURUSD.s H1
2025-11-09 12:05:03,935 - TradingBot - WARNING - No data returned for EURUSD.s H4
2025-11-09 12:05:03,937 - TradingBot - WARNING - No data returned for EURUSD.s M15
2025-11-09 12:05:03,939 - TradingBot - WARNING - No data returned for EURUSD.s H1
2025-11-09 12:05:03,939 - TradingBot - WARNING - No data returned for EURUSD.s H4
2025-11-09 12:05:03,943 - TradingBot - WARNING - No data returned for EURUSD.s M15
2025-11-09 12:05:03,944 - TradingBot - WARNING - No data returned for EURUSD.s H1
2025-11-09 12:05:03,945 - TradingBot - WARNING - No data returned for EURUSD.s H4
2025-11-09 12:05:03,948 - TradingBot - WARNING - No data returned for EURUSD.s M15
2025-11-09 12:05:03,948 - TradingBot - WARNING - No data returned for EURUSD.s H1
2025-11-09 12:05:03,949 - TradingBot - WARNING - No data returned for EURUSD.s H4
2025-11-09 12:05:03,951 - TradingBot - WARNING - No data returned for EURUSD.s M15
2025-11-09 12:05:03,951 - TradingBot - WARNING - No data returned for EURUSD.s H1
2025-11-09 12:05:03,954 - TradingBot - WARNING - No data returned for EURUSD.s H4
2025-11-09 12:05:03,956 - TradingBot - WARNING - No data returned for EURUSD.s M15
2025-11-09 12:05:03,957 - TradingBot - WARNING - No data returned for EURUSD.s H1
2025-11-09 12:05:03,958 - TradingBot - WARNING - No data returned for EURUSD.s H4
2025-11-09 12:05:03,959 - TradingBot - WARNING - No data returned for EURUSD.s M15
2025-11-09 12:05:03,960 - TradingBot - WARNING - No data returned for EURUSD.s H1
2025-11-09 12:05:03,961 - TradingBot - WARNING - No data returned for EURUSD.s H4
2025-11-09 12:05:03,963 - TradingBot - WARNING - No data returned for EURUSD.s M15
2025-11-09 12:05:03,964 - TradingBot - WARNING - No data returned for EURUSD.s H1
2025-11-09 12:05:03,965 - TradingBot - WARNING - No data returned for EURUSD.s H4
2025-11-09 12:05:03,967 - TradingBot - WARNING - No data returned for EURUSD.s M15
2025-11-09 12:05:03,969 - TradingBot - WARNING - No data returned for EURUSD.s H1
2025-11-09 12:05:03,972 - TradingBot - WARNING - No data returned for EURUSD.s H4
2025-11-09 12:05:03,975 - TradingBot - WARNING - No data returned for EURUSD.s M15
2025-11-09 12:05:03,975 - TradingBot - WARNING - No data returned for EURUSD.s H1
2025-11-09 12:05:03,977 - TradingBot - WARNING - No data returned for EURUSD.s H4
2025-11-09 12:05:03,978 - TradingBot - WARNING - No data returned for EURUSD.s M15
2025-11-09 12:05:03,979 - TradingBot - WARNING - No data returned for EURUSD.s H1
2025-11-09 12:05:03,980 - TradingBot - WARNING - No data returned for EURUSD.s H4
2025-11-09 12:05:03,982 - TradingBot - WARNING - No data returned for EURUSD.s M15
2025-11-09 12:05:03,983 - TradingBot - WARNING - No data returned for EURUSD.s H1
2025-11-09 12:05:03,987 - TradingBot - WARNING - No data returned for EURUSD.s H4
2025-11-09 12:05:03,989 - TradingBot - WARNING - No data returned for EURUSD.s M15
2025-11-09 12:05:03,989 - TradingBot - WARNING - No data returned for EURUSD.s H1
2025-11-09 12:05:03,990 - TradingBot - WARNING - No data returned for EURUSD.s H4
2025-11-09 12:05:03,992 - TradingBot - WARNING - No data returned for EURUSD.s M15
2025-11-09 12:05:03,992 - TradingBot - WARNING - No data returned for EURUSD.s H1
2025-11-09 12:05:03,993 - TradingBot - WARNING - No data returned for EURUSD.s H4
2025-11-09 12:05:03,995 - TradingBot - WARNING - No data returned for EURUSD.s M15
2025-11-09 12:05:03,997 - TradingBot - WARNING - No data returned for EURUSD.s H1
2025-11-09 12:05:03,998 - TradingBot - WARNING - No data returned for EURUSD.s H4
2025-11-09 12:05:04,002 - TradingBot - WARNING - No data returned for EURUSD.s M15
2025-11-09 12:05:04,003 - TradingBot - WARNING - No data returned for EURUSD.s H1
2025-11-09 12:05:04,004 - TradingBot - WARNING - No data returned for EURUSD.s H4
2025-11-09 12:05:04,006 - TradingBot - WARNING - No data returned for EURUSD.s M15
2025-11-09 12:05:04,007 - TradingBot - WARNING - No data returned for EURUSD.s H1
2025-11-09 12:05:04,007 - TradingBot - WARNING - No data returned for EURUSD.s H4
2025-11-09 12:05:04,010 - TradingBot - WARNING - No data returned for EURUSD.s M15
2025-11-09 12:05:04,010 - TradingBot - WARNING - No data returned for EURUSD.s H1
2025-11-09 12:05:04,011 - TradingBot - WARNING - No data returned for EURUSD.s H4
2025-11-09 12:05:04,013 - TradingBot - WARNING - No data returned for EURUSD.s M15
2025-11-09 12:05:04,014 - TradingBot - WARNING - No data returned for EURUSD.s H1
2025-11-09 12:05:04,017 - TradingBot - WARNING - No data returned for EURUSD.s H4
2025-11-09 12:05:04,019 - TradingBot - WARNING - No data returned for EURUSD.s M15
2025-11-09 12:05:04,019 - TradingBot - WARNING - No data returned for EURUSD.s H1
2025-11-09 12:05:04,020 - TradingBot - WARNING - No data returned for EURUSD.s H4
2025-11-09 12:05:04,022 - TradingBot - WARNING - No data returned for EURUSD.s M15
2025-11-09 12:05:04,023 - TradingBot - WARNING - No data returned for EURUSD.s H1
2025-11-09 12:05:04,023 - TradingBot - WARNING - No data returned for EURUSD.s H4
2025-11-09 12:05:04,025 - TradingBot - WARNING - No data returned for EURUSD.s M15
2025-11-09 12:05:04,026 - TradingBot - WARNING - No data returned for EURUSD.s H1
2025-11-09 12:05:04,026 - TradingBot - WARNING - No data returned for EURUSD.s H4
2025-11-09 12:05:04,028 - TradingBot - WARNING - No data returned for EURUSD.s M15
2025-11-09 12:05:04,028 - TradingBot - WARNING - No data returned for EURUSD.s H1
2025-11-09 12:05:04,029 - TradingBot - WARNING - No data returned for EURUSD.s H4
2025-11-09 12:05:04,034 - TradingBot - WARNING - No data returned for EURUSD.s M15
2025-11-09 12:05:04,035 - TradingBot - WARNING - No data returned for EURUSD.s H1
2025-11-09 12:05:04,036 - TradingBot - WARNING - No data returned for EURUSD.s H4
2025-11-09 12:05:04,038 - TradingBot - WARNING - No data returned for EURUSD.s M15
2025-11-09 12:05:04,038 - TradingBot - WARNING - No data returned for EURUSD.s H1
2025-11-09 12:05:04,039 - TradingBot - WARNING - No data returned for EURUSD.s H4
2025-11-09 12:05:04,041 - TradingBot - WARNING - No data returned for EURUSD.s M15
2025-11-09 12:05:04,041 - TradingBot - WARNING - No data returned for EURUSD.s H1
2025-11-09 12:05:04,042 - TradingBot - WARNING - No data returned for EURUSD.s H4
2025-11-09 12:05:04,044 - TradingBot - WARNING - No data returned for EURUSD.s M15
2025-11-09 12:05:04,045 - TradingBot - WARNING - No data returned for EURUSD.s H1
2025-11-09 12:05:04,045 - TradingBot - WARNING - No data returned for EURUSD.s H4
2025-11-09 12:05:04,051 - TradingBot - WARNING - No data returned for EURUSD.s M15
2025-11-09 12:05:04,051 - TradingBot - WARNING - No data returned for EURUSD.s H1
2025-11-09 12:05:04,052 - TradingBot - WARNING - No data returned for EURUSD.s H4
2025-11-09 12:05:04,054 - TradingBot - WARNING - No data returned for EURUSD.s M15
2025-11-09 12:05:04,055 - TradingBot - WARNING - No data returned for EURUSD.s H1
2025-11-09 12:05:04,056 - TradingBot - WARNING - No data returned for EURUSD.s H4
2025-11-09 12:05:04,058 - TradingBot - WARNING - No data returned for EURUSD.s M15
2025-11-09 12:05:04,058 - TradingBot - WARNING - No data returned for EURUSD.s H1
2025-11-09 12:05:04,059 - TradingBot - WARNING - No data returned for EURUSD.s H4
2025-11-09 12:05:04,060 - TradingBot - WARNING - No data returned for EURUSD.s M15
2025-11-09 12:05:04,061 - TradingBot - WARNING - No data returned for EURUSD.s H1
2025-11-09 12:05:04,062 - TradingBot - WARNING - No data returned for EURUSD.s H4
2025-11-09 12:05:04,067 - TradingBot - WARNING - No data returned for EURUSD.s M15
2025-11-09 12:05:04,068 - TradingBot - WARNING - No data returned for EURUSD.s H1
2025-11-09 12:05:04,069 - TradingBot - WARNING - No data returned for EURUSD.s H4
2025-11-09 12:05:04,072 - TradingBot - WARNING - No data returned for EURUSD.s M15
2025-11-09 12:05:04,072 - TradingBot - WARNING - No data returned for EURUSD.s H1
2025-11-09 12:05:04,073 - TradingBot - WARNING - No data returned for EURUSD.s H4
2025-11-09 12:05:04,075 - TradingBot - WARNING - No data returned for EURUSD.s M15
2025-11-09 12:05:04,075 - TradingBot - WARNING - No data returned for EURUSD.s H1
2025-11-09 12:05:04,076 - TradingBot - WARNING - No data returned for EURUSD.s H4
2025-11-09 12:05:04,079 - TradingBot - WARNING - No data returned for EURUSD.s M15
2025-11-09 12:05:04,081 - TradingBot - WARNING - No data returned for EURUSD.s H1
2025-11-09 12:05:04,083 - TradingBot - WARNING - No data returned for EURUSD.s H4
2025-11-09 12:05:04,085 - TradingBot - WARNING - No data returned for EURUSD.s M15
2025-11-09 12:05:04,086 - TradingBot - WARNING - No data returned for EURUSD.s H1
2025-11-09 12:05:04,087 - TradingBot - WARNING - No data returned for EURUSD.s H4
2025-11-09 12:05:04,088 - TradingBot - WARNING - No data returned for EURUSD.s M15
2025-11-09 12:05:04,089 - TradingBot - WARNING - No data returned for EURUSD.s H1
2025-11-09 12:05:04,089 - TradingBot - WARNING - No data returned for EURUSD.s H4
2025-11-09 12:05:04,091 - TradingBot - WARNING - No data returned for EURUSD.s M15
2025-11-09 12:05:04,092 - TradingBot - WARNING - No data returned for EURUSD.s H1
2025-11-09 12:05:04,094 - TradingBot - WARNING - No data returned for EURUSD.s H4
2025-11-09 12:05:04,099 - TradingBot - WARNING - No data returned for EURUSD.s M15
2025-11-09 12:05:04,099 - TradingBot - WARNING - No data returned for EURUSD.s H1
2025-11-09 12:05:04,101 - TradingBot - WARNING - No data returned for EURUSD.s H4
2025-11-09 12:05:04,104 - TradingBot - WARNING - No data returned for EURUSD.s M15
2025-11-09 12:05:04,105 - TradingBot - WARNING - No data returned for EURUSD.s H1
2025-11-09 12:05:04,107 - TradingBot - WARNING - No data returned for EURUSD.s H4
2025-11-09 12:05:04,111 - TradingBot - WARNING - No data returned for EURUSD.s M15
2025-11-09 12:05:04,112 - TradingBot - WARNING - No data returned for EURUSD.s H1
2025-11-09 12:05:04,113 - TradingBot - WARNING - No data returned for EURUSD.s H4
2025-11-09 12:05:04,114 - TradingBot - WARNING - No data returned for EURUSD.s M15
2025-11-09 12:05:04,116 - TradingBot - WARNING - No data returned for EURUSD.s H1
2025-11-09 12:05:04,117 - TradingBot - WARNING - No data returned for EURUSD.s H4
2025-11-09 12:05:04,119 - TradingBot - WARNING - No data returned for EURUSD.s M15
2025-11-09 12:05:04,120 - TradingBot - WARNING - No data returned for EURUSD.s H1
2025-11-09 12:05:04,121 - TradingBot - WARNING - No data returned for EURUSD.s H4
2025-11-09 12:05:04,123 - TradingBot - WARNING - No data returned for EURUSD.s M15
2025-11-09 12:05:04,124 - TradingBot - WARNING - No data returned for EURUSD.s H1
2025-11-09 12:05:04,126 - TradingBot - WARNING - No data returned for EURUSD.s H4
2025-11-09 12:05:04,129 - TradingBot - WARNING - No data returned for EURUSD.s M15
2025-11-09 12:05:04,130 - TradingBot - WARNING - No data returned for EURUSD.s H1
2025-11-09 12:05:04,131 - TradingBot - WARNING - No data returned for EURUSD.s H4
2025-11-09 12:05:04,133 - TradingBot - WARNING - No data returned for EURUSD.s M15
2025-11-09 12:05:04,135 - TradingBot - WARNING - No data returned for EURUSD.s H1
2025-11-09 12:05:04,135 - TradingBot - WARNING - No data returned for EURUSD.s H4
2025-11-09 12:05:04,136 - TradingBot - WARNING - No data returned for EURUSD.s M15
2025-11-09 12:05:04,137 - TradingBot - WARNING - No data returned for EURUSD.s H1
2025-11-09 12:05:04,138 - TradingBot - WARNING - No data returned for EURUSD.s H4
2025-11-09 12:05:04,142 - TradingBot - WARNING - No data returned for EURUSD.s M15
2025-11-09 12:05:04,144 - TradingBot - WARNING - No data returned for EURUSD.s H1
2025-11-09 12:05:04,145 - TradingBot - WARNING - No data returned for EURUSD.s H4
2025-11-09 12:05:04,147 - TradingBot - WARNING - No data returned for EURUSD.s M15
2025-11-09 12:05:04,148 - TradingBot - WARNING - No data returned for EURUSD.s H1
2025-11-09 12:05:04,149 - TradingBot - WARNING - No data returned for EURUSD.s H4
2025-11-09 12:05:04,151 - TradingBot - WARNING - No data returned for EURUSD.s M15
2025-11-09 12:05:04,152 - TradingBot - WARNING - No data returned for EURUSD.s H1
2025-11-09 12:05:04,153 - TradingBot - WARNING - No data returned for EURUSD.s H4
2025-11-09 12:05:04,155 - TradingBot - WARNING - No data returned for EURUSD.s M15
2025-11-09 12:05:04,157 - TradingBot - WARNING - No data returned for EURUSD.s H1
2025-11-09 12:05:04,159 - TradingBot - WARNING - No data returned for EURUSD.s H4
2025-11-09 12:05:04,161 - TradingBot - WARNING - No data returned for EURUSD.s M15
2025-11-09 12:05:04,162 - TradingBot - WARNING - No data returned for EURUSD.s H1
2025-11-09 12:05:04,163 - TradingBot - WARNING - No data returned for EURUSD.s H4
2025-11-09 12:05:04,165 - TradingBot - WARNING - No data returned for EURUSD.s M15
2025-11-09 12:05:04,166 - TradingBot - WARNING - No data returned for EURUSD.s H1
2025-11-09 12:05:04,167 - TradingBot - WARNING - No data returned for EURUSD.s H4
2025-11-09 12:05:04,168 - TradingBot - WARNING - No data returned for EURUSD.s M15
2025-11-09 12:05:04,169 - TradingBot - WARNING - No data returned for EURUSD.s H1
2025-11-09 12:05:04,170 - TradingBot - WARNING - No data returned for EURUSD.s H4
2025-11-09 12:05:04,173 - TradingBot - WARNING - No data returned for EURUSD.s M15
2025-11-09 12:05:04,174 - TradingBot - WARNING - No data returned for EURUSD.s H1
2025-11-09 12:05:04,175 - TradingBot - WARNING - No data returned for EURUSD.s H4
2025-11-09 12:05:04,177 - TradingBot - WARNING - No data returned for EURUSD.s M15
2025-11-09 12:05:04,178 - TradingBot - WARNING - No data returned for EURUSD.s H1
2025-11-09 12:05:04,179 - TradingBot - WARNING - No data returned for EURUSD.s H4
2025-11-09 12:05:04,181 - TradingBot - WARNING - No data returned for EURUSD.s M15
2025-11-09 12:05:04,182 - TradingBot - WARNING - No data returned for EURUSD.s H1
2025-11-09 12:05:04,183 - TradingBot - WARNING - No data returned for EURUSD.s H4
2025-11-09 12:05:04,185 - TradingBot - WARNING - No data returned for EURUSD.s M15
2025-11-09 12:05:04,185 - TradingBot - WARNING - No data returned for EURUSD.s H1
2025-11-09 12:05:04,188 - TradingBot - WARNING - No data returned for EURUSD.s H4
2025-11-09 12:05:04,191 - TradingBot - WARNING - No data returned for EURUSD.s M15
2025-11-09 12:05:04,192 - TradingBot - WARNING - No data returned for EURUSD.s H1
2025-11-09 12:05:04,193 - TradingBot - WARNING - No data returned for EURUSD.s H4
2025-11-09 12:05:04,195 - TradingBot - WARNING - No data returned for EURUSD.s M15
2025-11-09 12:05:04,195 - TradingBot - WARNING - No data returned for EURUSD.s H1
2025-11-09 12:05:04,197 - TradingBot - WARNING - No data returned for EURUSD.s H4
2025-11-09 12:07:44,217 - TradingBot - WARNING - No data returned for XAUUSD.s M15
2025-11-09 12:07:44,217 - TradingBot - WARNING - No data returned for XAUUSD.s H1
2025-11-09 12:07:44,219 - TradingBot - WARNING - No data returned for XAUUSD.s H4
2025-11-09 12:07:44,223 - TradingBot - WARNING - No data returned for XAUUSD.s M15
2025-11-09 12:07:44,224 - TradingBot - WARNING - No data returned for XAUUSD.s H1
2025-11-09 12:07:44,225 - TradingBot - WARNING - No data returned for XAUUSD.s H4
2025-11-09 12:07:44,227 - TradingBot - WARNING - No data returned for XAUUSD.s M15
2025-11-09 12:07:44,228 - TradingBot - WARNING - No data returned for XAUUSD.s H1
2025-11-09 12:07:44,229 - TradingBot - WARNING - No data returned for XAUUSD.s H4
2025-11-09 12:07:44,231 - TradingBot - WARNING - No data returned for XAUUSD.s M15
2025-11-09 12:07:44,232 - TradingBot - WARNING - No data returned for XAUUSD.s H1
2025-11-09 12:07:44,233 - TradingBot - WARNING - No data returned for XAUUSD.s H4
2025-11-09 12:07:44,235 - TradingBot - WARNING - No data returned for XAUUSD.s M15
2025-11-09 12:07:44,237 - TradingBot - WARNING - No data returned for XAUUSD.s H1
2025-11-09 12:07:44,240 - TradingBot - WARNING - No data returned for XAUUSD.s H4
2025-11-09 12:07:44,242 - TradingBot - WARNING - No data returned for XAUUSD.s M15
2025-11-09 12:07:44,243 - TradingBot - WARNING - No data returned for XAUUSD.s H1
2025-11-09 12:07:44,244 - TradingBot - WARNING - No data returned for XAUUSD.s H4
2025-11-09 12:07:44,246 - TradingBot - WARNING - No data returned for XAUUSD.s M15
2025-11-09 12:07:44,247 - TradingBot - WARNING - No data returned for XAUUSD.s H1
2025-11-09 12:07:44,248 - TradingBot - WARNING - No data returned for XAUUSD.s H4
2025-11-09 12:07:44,250 - TradingBot - WARNING - No data returned for XAUUSD.s M15
2025-11-09 12:07:44,250 - TradingBot - WARNING - No data returned for XAUUSD.s H1
2025-11-09 12:07:44,253 - TradingBot - WARNING - No data returned for XAUUSD.s H4
2025-11-09 12:07:44,257 - TradingBot - WARNING - No data returned for XAUUSD.s M15
2025-11-09 12:07:44,257 - TradingBot - WARNING - No data returned for XAUUSD.s H1
2025-11-09 12:07:44,258 - TradingBot - WARNING - No data returned for XAUUSD.s H4
2025-11-09 12:07:44,260 - TradingBot - WARNING - No data returned for XAUUSD.s M15
2025-11-09 12:07:44,261 - TradingBot - WARNING - No data returned for XAUUSD.s H1
2025-11-09 12:07:44,263 - TradingBot - WARNING - No data returned for XAUUSD.s H4
2025-11-09 12:07:44,265 - TradingBot - WARNING - No data returned for XAUUSD.s M15
2025-11-09 12:07:44,265 - TradingBot - WARNING - No data returned for XAUUSD.s H1
2025-11-09 12:07:44,268 - TradingBot - WARNING - No data returned for XAUUSD.s H4
2025-11-09 12:07:44,270 - TradingBot - WARNING - No data returned for XAUUSD.s M15
2025-11-09 12:07:44,271 - TradingBot - WARNING - No data returned for XAUUSD.s H1
2025-11-09 12:07:44,273 - TradingBot - WARNING - No data returned for XAUUSD.s H4
2025-11-09 12:07:44,274 - TradingBot - WARNING - No data returned for XAUUSD.s M15
2025-11-09 12:07:44,275 - TradingBot - WARNING - No data returned for XAUUSD.s H1
2025-11-09 12:07:44,276 - TradingBot - WARNING - No data returned for XAUUSD.s H4
2025-11-09 12:07:44,277 - TradingBot - WARNING - No data returned for XAUUSD.s M15
2025-11-09 12:07:44,278 - TradingBot - WARNING - No data returned for XAUUSD.s H1
2025-11-09 12:07:44,279 - TradingBot - WARNING - No data returned for XAUUSD.s H4
2025-11-09 12:07:44,280 - TradingBot - WARNING - No data returned for XAUUSD.s M15
2025-11-09 12:07:44,281 - TradingBot - WARNING - No data returned for XAUUSD.s H1
2025-11-09 12:07:44,282 - TradingBot - WARNING - No data returned for XAUUSD.s H4
2025-11-09 12:07:44,285 - TradingBot - WARNING - No data returned for XAUUSD.s M15
2025-11-09 12:07:44,286 - TradingBot - WARNING - No data returned for XAUUSD.s H1
2025-11-09 12:07:44,287 - TradingBot - WARNING - No data returned for XAUUSD.s H4
2025-11-09 12:07:44,290 - TradingBot - WARNING - No data returned for XAUUSD.s M15
2025-11-09 12:07:44,291 - TradingBot - WARNING - No data returned for XAUUSD.s H1
2025-11-09 12:07:44,291 - TradingBot - WARNING - No data returned for XAUUSD.s H4
2025-11-09 12:07:44,293 - TradingBot - WARNING - No data returned for XAUUSD.s M15
2025-11-09 12:07:44,294 - TradingBot - WARNING - No data returned for XAUUSD.s H1
2025-11-09 12:07:44,295 - TradingBot - WARNING - No data returned for XAUUSD.s H4
2025-11-09 12:07:44,296 - TradingBot - WARNING - No data returned for XAUUSD.s M15
2025-11-09 12:07:44,299 - TradingBot - WARNING - No data returned for XAUUSD.s H1
2025-11-09 12:07:44,301 - TradingBot - WARNING - No data returned for XAUUSD.s H4
2025-11-09 12:07:44,303 - TradingBot - WARNING - No data returned for XAUUSD.s M15
2025-11-09 12:07:44,304 - TradingBot - WARNING - No data returned for XAUUSD.s H1
2025-11-09 12:07:44,305 - TradingBot - WARNING - No data returned for XAUUSD.s H4
2025-11-09 12:07:44,307 - TradingBot - WARNING - No data returned for XAUUSD.s M15
2025-11-09 12:07:44,308 - TradingBot - WARNING - No data returned for XAUUSD.s H1
2025-11-09 12:07:44,309 - TradingBot - WARNING - No data returned for XAUUSD.s H4
2025-11-09 12:07:44,311 - TradingBot - WARNING - No data returned for XAUUSD.s M15
2025-11-09 12:07:44,312 - TradingBot - WARNING - No data returned for XAUUSD.s H1
2025-11-09 12:07:44,313 - TradingBot - WARNING - No data returned for XAUUSD.s H4
2025-11-09 12:07:44,317 - TradingBot - WARNING - No data returned for XAUUSD.s M15
2025-11-09 12:07:44,318 - TradingBot - WARNING - No data returned for XAUUSD.s H1
2025-11-09 12:07:44,319 - TradingBot - WARNING - No data returned for XAUUSD.s H4
2025-11-09 12:07:44,321 - TradingBot - WARNING - No data returned for XAUUSD.s M15
2025-11-09 12:07:44,322 - TradingBot - WARNING - No data returned for XAUUSD.s H1
2025-11-09 12:07:44,323 - TradingBot - WARNING - No data returned for XAUUSD.s H4
2025-11-09 12:07:44,324 - TradingBot - WARNING - No data returned for XAUUSD.s M15
2025-11-09 12:07:44,325 - TradingBot - WARNING - No data returned for XAUUSD.s H1
2025-11-09 12:07:44,326 - TradingBot - WARNING - No data returned for XAUUSD.s H4
2025-11-09 12:07:44,328 - TradingBot - WARNING - No data returned for XAUUSD.s M15
2025-11-09 12:07:44,330 - TradingBot - WARNING - No data returned for XAUUSD.s H1
2025-11-09 12:07:44,332 - TradingBot - WARNING - No data returned for XAUUSD.s H4
2025-11-09 12:07:44,335 - TradingBot - WARNING - No data returned for XAUUSD.s M15
2025-11-09 12:07:44,335 - TradingBot - WARNING - No data returned for XAUUSD.s H1
2025-11-09 12:07:44,336 - TradingBot - WARNING - No data returned for XAUUSD.s H4
2025-11-09 12:07:44,338 - TradingBot - WARNING - No data returned for XAUUSD.s M15
2025-11-09 12:07:44,339 - TradingBot - WARNING - No data returned for XAUUSD.s H1
2025-11-09 12:07:44,340 - TradingBot - WARNING - No data returned for XAUUSD.s H4
2025-11-09 12:07:44,342 - TradingBot - WARNING - No data returned for XAUUSD.s M15
2025-11-09 12:07:44,343 - TradingBot - WARNING - No data returned for XAUUSD.s H1
2025-11-09 12:07:44,344 - TradingBot - WARNING - No data returned for XAUUSD.s H4
2025-11-09 12:07:44,348 - TradingBot - WARNING - No data returned for XAUUSD.s M15
2025-11-09 12:07:44,349 - TradingBot - WARNING - No data returned for XAUUSD.s H1
2025-11-09 12:07:44,350 - TradingBot - WARNING - No data returned for XAUUSD.s H4
2025-11-09 12:07:44,352 - TradingBot - WARNING - No data returned for XAUUSD.s M15
2025-11-09 12:07:44,353 - TradingBot - WARNING - No data returned for XAUUSD.s H1
2025-11-09 12:07:44,354 - TradingBot - WARNING - No data returned for XAUUSD.s H4
2025-11-09 12:07:44,356 - TradingBot - WARNING - No data returned for XAUUSD.s M15
2025-11-09 12:07:44,357 - TradingBot - WARNING - No data returned for XAUUSD.s H1
2025-11-09 12:07:44,358 - TradingBot - WARNING - No data returned for XAUUSD.s H4
2025-11-09 12:07:44,359 - TradingBot - WARNING - No data returned for XAUUSD.s M15
2025-11-09 12:07:44,362 - TradingBot - WARNING - No data returned for XAUUSD.s H1
2025-11-09 12:07:44,363 - TradingBot - WARNING - No data returned for XAUUSD.s H4
2025-11-09 12:07:44,365 - TradingBot - WARNING - No data returned for XAUUSD.s M15
2025-11-09 12:07:44,366 - TradingBot - WARNING - No data returned for XAUUSD.s H1
2025-11-09 12:07:44,367 - TradingBot - WARNING - No data returned for XAUUSD.s H4
2025-11-09 12:07:44,368 - TradingBot - WARNING - No data returned for XAUUSD.s M15
2025-11-09 12:07:44,369 - TradingBot - WARNING - No data returned for XAUUSD.s H1
2025-11-09 12:07:44,370 - TradingBot - WARNING - No data returned for XAUUSD.s H4
2025-11-09 12:07:44,372 - TradingBot - WARNING - No data returned for XAUUSD.s M15
2025-11-09 12:07:44,373 - TradingBot - WARNING - No data returned for XAUUSD.s H1
2025-11-09 12:07:44,374 - TradingBot - WARNING - No data returned for XAUUSD.s H4
2025-11-09 12:07:44,378 - TradingBot - WARNING - No data returned for XAUUSD.s M15
2025-11-09 12:07:44,379 - TradingBot - WARNING - No data returned for XAUUSD.s H1
2025-11-09 12:07:44,380 - TradingBot - WARNING - No data returned for XAUUSD.s H4
2025-11-09 12:07:44,381 - TradingBot - WARNING - No data returned for XAUUSD.s M15
2025-11-09 12:07:44,382 - TradingBot - WARNING - No data returned for XAUUSD.s H1
2025-11-09 12:07:44,383 - TradingBot - WARNING - No data returned for XAUUSD.s H4
2025-11-09 12:07:44,399 - TradingBot - WARNING - No data returned for USDJPY.s M15
2025-11-09 12:07:44,400 - TradingBot - WARNING - No data returned for USDJPY.s H1
2025-11-09 12:07:44,401 - TradingBot - WARNING - No data returned for USDJPY.s H4
2025-11-09 12:07:44,404 - TradingBot - WARNING - No data returned for USDJPY.s M15
2025-11-09 12:07:44,404 - TradingBot - WARNING - No data returned for USDJPY.s H1
2025-11-09 12:07:44,406 - TradingBot - WARNING - No data returned for USDJPY.s H4
2025-11-09 12:07:44,409 - TradingBot - WARNING - No data returned for USDJPY.s M15
2025-11-09 12:07:44,410 - TradingBot - WARNING - No data returned for USDJPY.s H1
2025-11-09 12:07:44,412 - TradingBot - WARNING - No data returned for USDJPY.s H4
2025-11-09 12:07:44,414 - TradingBot - WARNING - No data returned for USDJPY.s M15
2025-11-09 12:07:44,415 - TradingBot - WARNING - No data returned for USDJPY.s H1
2025-11-09 12:07:44,416 - TradingBot - WARNING - No data returned for USDJPY.s H4
2025-11-09 12:07:44,418 - TradingBot - WARNING - No data returned for USDJPY.s M15
2025-11-09 12:07:44,418 - TradingBot - WARNING - No data returned for USDJPY.s H1
2025-11-09 12:07:44,419 - TradingBot - WARNING - No data returned for USDJPY.s H4
2025-11-09 12:07:44,420 - TradingBot - WARNING - No data returned for USDJPY.s M15
2025-11-09 12:07:44,421 - TradingBot - WARNING - No data returned for USDJPY.s H1
2025-11-09 12:07:44,424 - TradingBot - WARNING - No data returned for USDJPY.s H4
2025-11-09 12:07:44,427 - TradingBot - WARNING - No data returned for USDJPY.s M15
2025-11-09 12:07:44,428 - TradingBot - WARNING - No data returned for USDJPY.s H1
2025-11-09 12:07:44,429 - TradingBot - WARNING - No data returned for USDJPY.s H4
2025-11-09 12:07:44,431 - TradingBot - WARNING - No data returned for USDJPY.s M15
2025-11-09 12:07:44,432 - TradingBot - WARNING - No data returned for USDJPY.s H1
2025-11-09 12:07:44,433 - TradingBot - WARNING - No data returned for USDJPY.s H4
2025-11-09 12:07:44,436 - TradingBot - WARNING - No data returned for USDJPY.s M15
2025-11-09 12:07:44,436 - TradingBot - WARNING - No data returned for USDJPY.s H1
2025-11-09 12:07:44,439 - TradingBot - WARNING - No data returned for USDJPY.s H4
2025-11-09 12:07:44,443 - TradingBot - WARNING - No data returned for USDJPY.s M15
2025-11-09 12:07:44,443 - TradingBot - WARNING - No data returned for USDJPY.s H1
2025-11-09 12:07:44,444 - TradingBot - WARNING - No data returned for USDJPY.s H4
2025-11-09 12:07:44,446 - TradingBot - WARNING - No data returned for USDJPY.s M15
2025-11-09 12:07:44,447 - TradingBot - WARNING - No data returned for USDJPY.s H1
2025-11-09 12:07:44,448 - TradingBot - WARNING - No data returned for USDJPY.s H4
2025-11-09 12:07:44,450 - TradingBot - WARNING - No data returned for USDJPY.s M15
2025-11-09 12:07:44,451 - TradingBot - WARNING - No data returned for USDJPY.s H1
2025-11-09 12:07:44,451 - TradingBot - WARNING - No data returned for USDJPY.s H4
2025-11-09 12:07:44,453 - TradingBot - WARNING - No data returned for USDJPY.s M15
2025-11-09 12:07:44,457 - TradingBot - WARNING - No data returned for USDJPY.s H1
2025-11-09 12:07:44,457 - TradingBot - WARNING - No data returned for USDJPY.s H4
2025-11-09 12:07:44,459 - TradingBot - WARNING - No data returned for USDJPY.s M15
2025-11-09 12:07:44,460 - TradingBot - WARNING - No data returned for USDJPY.s H1
2025-11-09 12:07:44,461 - TradingBot - WARNING - No data returned for USDJPY.s H4
2025-11-09 12:07:44,463 - TradingBot - WARNING - No data returned for USDJPY.s M15
2025-11-09 12:07:44,463 - TradingBot - WARNING - No data returned for USDJPY.s H1
2025-11-09 12:07:44,464 - TradingBot - WARNING - No data returned for USDJPY.s H4
2025-11-09 12:07:44,466 - TradingBot - WARNING - No data returned for USDJPY.s M15
2025-11-09 12:07:44,466 - TradingBot - WARNING - No data returned for USDJPY.s H1
2025-11-09 12:07:44,467 - TradingBot - WARNING - No data returned for USDJPY.s H4
2025-11-09 12:07:44,469 - TradingBot - WARNING - No data returned for USDJPY.s M15
2025-11-09 12:07:44,472 - TradingBot - WARNING - No data returned for USDJPY.s H1
2025-11-09 12:07:44,474 - TradingBot - WARNING - No data returned for USDJPY.s H4
2025-11-09 12:07:44,476 - TradingBot - WARNING - No data returned for USDJPY.s M15
2025-11-09 12:07:44,477 - TradingBot - WARNING - No data returned for USDJPY.s H1
2025-11-09 12:07:44,477 - TradingBot - WARNING - No data returned for USDJPY.s H4
2025-11-09 12:07:44,479 - TradingBot - WARNING - No data returned for USDJPY.s M15
2025-11-09 12:07:44,480 - TradingBot - WARNING - No data returned for USDJPY.s H1
2025-11-09 12:07:44,481 - TradingBot - WARNING - No data returned for USDJPY.s H4
2025-11-09 12:07:44,483 - TradingBot - WARNING - No data returned for USDJPY.s M15
2025-11-09 12:07:44,483 - TradingBot - WARNING - No data returned for USDJPY.s H1
2025-11-09 12:07:44,484 - TradingBot - WARNING - No data returned for USDJPY.s H4
2025-11-09 12:07:44,488 - TradingBot - WARNING - No data returned for USDJPY.s M15
2025-11-09 12:07:44,490 - TradingBot - WARNING - No data returned for USDJPY.s H1
2025-11-09 12:07:44,491 - TradingBot - WARNING - No data returned for USDJPY.s H4
2025-11-09 12:07:44,494 - TradingBot - WARNING - No data returned for USDJPY.s M15
2025-11-09 12:07:44,494 - TradingBot - WARNING - No data returned for USDJPY.s H1
2025-11-09 12:07:44,496 - TradingBot - WARNING - No data returned for USDJPY.s H4
2025-11-09 12:07:44,498 - TradingBot - WARNING - No data returned for USDJPY.s M15
2025-11-09 12:07:44,499 - TradingBot - WARNING - No data returned for USDJPY.s H1
2025-11-09 12:07:44,500 - TradingBot - WARNING - No data returned for USDJPY.s H4
2025-11-09 12:07:44,503 - TradingBot - WARNING - No data returned for USDJPY.s M15
2025-11-09 12:07:44,505 - TradingBot - WARNING - No data returned for USDJPY.s H1
2025-11-09 12:07:44,506 - TradingBot - WARNING - No data returned for USDJPY.s H4
2025-11-09 12:07:44,508 - TradingBot - WARNING - No data returned for USDJPY.s M15
2025-11-09 12:07:44,509 - TradingBot - WARNING - No data returned for USDJPY.s H1
2025-11-09 12:07:44,510 - TradingBot - WARNING - No data returned for USDJPY.s H4
2025-11-09 12:07:44,512 - TradingBot - WARNING - No data returned for USDJPY.s M15
2025-11-09 12:07:44,512 - TradingBot - WARNING - No data returned for USDJPY.s H1
2025-11-09 12:07:44,513 - TradingBot - WARNING - No data returned for USDJPY.s H4
2025-11-09 12:07:44,515 - TradingBot - WARNING - No data returned for USDJPY.s M15
2025-11-09 12:07:44,515 - TradingBot - WARNING - No data returned for USDJPY.s H1
2025-11-09 12:07:44,518 - TradingBot - WARNING - No data returned for USDJPY.s H4
2025-11-09 12:07:44,522 - TradingBot - WARNING - No data returned for USDJPY.s M15
2025-11-09 12:07:44,522 - TradingBot - WARNING - No data returned for USDJPY.s H1
2025-11-09 12:07:44,523 - TradingBot - WARNING - No data returned for USDJPY.s H4
2025-11-09 12:07:44,525 - TradingBot - WARNING - No data returned for USDJPY.s M15
2025-11-09 12:07:44,526 - TradingBot - WARNING - No data returned for USDJPY.s H1
2025-11-09 12:07:44,527 - TradingBot - WARNING - No data returned for USDJPY.s H4
2025-11-09 12:07:44,529 - TradingBot - WARNING - No data returned for USDJPY.s M15
2025-11-09 12:07:44,530 - TradingBot - WARNING - No data returned for USDJPY.s H1
2025-11-09 12:07:44,530 - TradingBot - WARNING - No data returned for USDJPY.s H4
2025-11-09 12:07:44,533 - TradingBot - WARNING - No data returned for USDJPY.s M15
2025-11-09 12:07:44,534 - TradingBot - WARNING - No data returned for USDJPY.s H1
2025-11-09 12:07:44,536 - TradingBot - WARNING - No data returned for USDJPY.s H4
2025-11-09 12:07:44,539 - TradingBot - WARNING - No data returned for USDJPY.s M15
2025-11-09 12:07:44,540 - TradingBot - WARNING - No data returned for USDJPY.s H1
2025-11-09 12:07:44,541 - TradingBot - WARNING - No data returned for USDJPY.s H4
2025-11-09 12:07:44,543 - TradingBot - WARNING - No data returned for USDJPY.s M15
2025-11-09 12:07:44,543 - TradingBot - WARNING - No data returned for USDJPY.s H1
2025-11-09 12:07:44,544 - TradingBot - WARNING - No data returned for USDJPY.s H4
2025-11-09 12:07:44,546 - TradingBot - WARNING - No data returned for USDJPY.s M15
2025-11-09 12:07:44,547 - TradingBot - WARNING - No data returned for USDJPY.s H1
2025-11-09 12:07:44,548 - TradingBot - WARNING - No data returned for USDJPY.s H4
2025-11-09 12:07:44,552 - TradingBot - WARNING - No data returned for USDJPY.s M15
2025-11-09 12:07:44,553 - TradingBot - WARNING - No data returned for USDJPY.s H1
2025-11-09 12:07:44,554 - TradingBot - WARNING - No data returned for USDJPY.s H4
2025-11-09 12:07:44,559 - TradingBot - WARNING - No data returned for USDJPY.s M15
2025-11-09 12:07:44,559 - TradingBot - WARNING - No data returned for USDJPY.s H1
2025-11-09 12:07:44,560 - TradingBot - WARNING - No data returned for USDJPY.s H4
2025-11-09 12:07:44,562 - TradingBot - WARNING - No data returned for USDJPY.s M15
2025-11-09 12:07:44,562 - TradingBot - WARNING - No data returned for USDJPY.s H1
2025-11-09 12:07:44,563 - TradingBot - WARNING - No data returned for USDJPY.s H4
2025-11-09 12:07:44,566 - TradingBot - WARNING - No data returned for USDJPY.s M15
2025-11-09 12:07:44,567 - TradingBot - WARNING - No data returned for USDJPY.s H1
2025-11-09 12:07:44,568 - TradingBot - WARNING - No data returned for USDJPY.s H4
2025-11-09 12:07:44,586 - TradingBot - WARNING - No data returned for EURUSD.s M15
2025-11-09 12:07:44,587 - TradingBot - WARNING - No data returned for EURUSD.s H1
2025-11-09 12:07:44,588 - TradingBot - WARNING - No data returned for EURUSD.s H4
2025-11-09 12:07:44,593 - TradingBot - WARNING - No data returned for EURUSD.s M15
2025-11-09 12:07:44,594 - TradingBot - WARNING - No data returned for EURUSD.s H1
2025-11-09 12:07:44,595 - TradingBot - WARNING - No data returned for EURUSD.s H4
2025-11-09 12:07:44,599 - TradingBot - WARNING - No data returned for EURUSD.s M15
2025-11-09 12:07:44,600 - TradingBot - WARNING - No data returned for EURUSD.s H1
2025-11-09 12:07:44,601 - TradingBot - WARNING - No data returned for EURUSD.s H4
2025-11-09 12:07:44,603 - TradingBot - WARNING - No data returned for EURUSD.s M15
2025-11-09 12:07:44,603 - TradingBot - WARNING - No data returned for EURUSD.s H1
2025-11-09 12:07:44,605 - TradingBot - WARNING - No data returned for EURUSD.s H4
2025-11-09 12:07:44,607 - TradingBot - WARNING - No data returned for EURUSD.s M15
2025-11-09 12:07:44,608 - TradingBot - WARNING - No data returned for EURUSD.s H1
2025-11-09 12:07:44,609 - TradingBot - WARNING - No data returned for EURUSD.s H4
2025-11-09 12:07:44,610 - TradingBot - WARNING - No data returned for EURUSD.s M15
2025-11-09 12:07:44,613 - TradingBot - WARNING - No data returned for EURUSD.s H1
2025-11-09 12:07:44,614 - TradingBot - WARNING - No data returned for EURUSD.s H4
2025-11-09 12:07:44,616 - TradingBot - WARNING - No data returned for EURUSD.s M15
2025-11-09 12:07:44,617 - TradingBot - WARNING - No data returned for EURUSD.s H1
2025-11-09 12:07:44,618 - TradingBot - WARNING - No data returned for EURUSD.s H4
2025-11-09 12:07:44,620 - TradingBot - WARNING - No data returned for EURUSD.s M15
2025-11-09 12:07:44,620 - TradingBot - WARNING - No data returned for EURUSD.s H1
2025-11-09 12:07:44,621 - TradingBot - WARNING - No data returned for EURUSD.s H4
2025-11-09 12:07:44,623 - TradingBot - WARNING - No data returned for EURUSD.s M15
2025-11-09 12:07:44,623 - TradingBot - WARNING - No data returned for EURUSD.s H1
2025-11-09 12:07:44,624 - TradingBot - WARNING - No data returned for EURUSD.s H4
2025-11-09 12:07:44,627 - TradingBot - WARNING - No data returned for EURUSD.s M15
2025-11-09 12:07:44,630 - TradingBot - WARNING - No data returned for EURUSD.s H1
2025-11-09 12:07:44,631 - TradingBot - WARNING - No data returned for EURUSD.s H4
2025-11-09 12:07:44,633 - TradingBot - WARNING - No data returned for EURUSD.s M15
2025-11-09 12:07:44,634 - TradingBot - WARNING - No data returned for EURUSD.s H1
2025-11-09 12:07:44,635 - TradingBot - WARNING - No data returned for EURUSD.s H4
2025-11-09 12:07:44,637 - TradingBot - WARNING - No data returned for EURUSD.s M15
2025-11-09 12:07:44,638 - TradingBot - WARNING - No data returned for EURUSD.s H1
2025-11-09 12:07:44,640 - TradingBot - WARNING - No data returned for EURUSD.s H4
2025-11-09 12:07:44,643 - TradingBot - WARNING - No data returned for EURUSD.s M15
2025-11-09 12:07:44,646 - TradingBot - WARNING - No data returned for EURUSD.s H1
2025-11-09 12:07:44,647 - TradingBot - WARNING - No data returned for EURUSD.s H4
2025-11-09 12:07:44,649 - TradingBot - WARNING - No data returned for EURUSD.s M15
2025-11-09 12:07:44,650 - TradingBot - WARNING - No data returned for EURUSD.s H1
2025-11-09 12:07:44,650 - TradingBot - WARNING - No data returned for EURUSD.s H4
2025-11-09 12:07:44,652 - TradingBot - WARNING - No data returned for EURUSD.s M15
2025-11-09 12:07:44,652 - TradingBot - WARNING - No data returned for EURUSD.s H1
2025-11-09 12:07:44,653 - TradingBot - WARNING - No data returned for EURUSD.s H4
2025-11-09 12:07:44,654 - TradingBot - WARNING - No data returned for EURUSD.s M15
2025-11-09 12:07:44,655 - TradingBot - WARNING - No data returned for EURUSD.s H1
2025-11-09 12:07:44,656 - TradingBot - WARNING - No data returned for EURUSD.s H4
2025-11-09 12:07:44,661 - TradingBot - WARNING - No data returned for EURUSD.s M15
2025-11-09 12:07:44,661 - TradingBot - WARNING - No data returned for EURUSD.s H1
2025-11-09 12:07:44,663 - TradingBot - WARNING - No data returned for EURUSD.s H4
2025-11-09 12:07:44,665 - TradingBot - WARNING - No data returned for EURUSD.s M15
2025-11-09 12:07:44,665 - TradingBot - WARNING - No data returned for EURUSD.s H1
2025-11-09 12:07:44,666 - TradingBot - WARNING - No data returned for EURUSD.s H4
2025-11-09 12:07:44,669 - TradingBot - WARNING - No data returned for EURUSD.s M15
2025-11-09 12:07:44,669 - TradingBot - WARNING - No data returned for EURUSD.s H1
2025-11-09 12:07:44,670 - TradingBot - WARNING - No data returned for EURUSD.s H4
2025-11-09 12:07:44,673 - TradingBot - WARNING - No data returned for EURUSD.s M15
2025-11-09 12:07:44,675 - TradingBot - WARNING - No data returned for EURUSD.s H1
2025-11-09 12:07:44,677 - TradingBot - WARNING - No data returned for EURUSD.s H4
2025-11-09 12:07:44,680 - TradingBot - WARNING - No data returned for EURUSD.s M15
2025-11-09 12:07:44,681 - TradingBot - WARNING - No data returned for EURUSD.s H1
2025-11-09 12:07:44,682 - TradingBot - WARNING - No data returned for EURUSD.s H4
2025-11-09 12:07:44,684 - TradingBot - WARNING - No data returned for EURUSD.s M15
2025-11-09 12:07:44,684 - TradingBot - WARNING - No data returned for EURUSD.s H1
2025-11-09 12:07:44,685 - TradingBot - WARNING - No data returned for EURUSD.s H4
2025-11-09 12:07:44,687 - TradingBot - WARNING - No data returned for EURUSD.s M15
2025-11-09 12:07:44,688 - TradingBot - WARNING - No data returned for EURUSD.s H1
2025-11-09 12:07:44,691 - TradingBot - WARNING - No data returned for EURUSD.s H4
2025-11-09 12:07:44,694 - TradingBot - WARNING - No data returned for EURUSD.s M15
2025-11-09 12:07:44,694 - TradingBot - WARNING - No data returned for EURUSD.s H1
2025-11-09 12:07:44,695 - TradingBot - WARNING - No data returned for EURUSD.s H4
2025-11-09 12:07:44,697 - TradingBot - WARNING - No data returned for EURUSD.s M15
2025-11-09 12:07:44,697 - TradingBot - WARNING - No data returned for EURUSD.s H1
2025-11-09 12:07:44,698 - TradingBot - WARNING - No data returned for EURUSD.s H4
2025-11-09 12:07:44,700 - TradingBot - WARNING - No data returned for EURUSD.s M15
2025-11-09 12:07:44,701 - TradingBot - WARNING - No data returned for EURUSD.s H1
2025-11-09 12:07:44,702 - TradingBot - WARNING - No data returned for EURUSD.s H4
2025-11-09 12:07:44,704 - TradingBot - WARNING - No data returned for EURUSD.s M15
2025-11-09 12:07:44,706 - TradingBot - WARNING - No data returned for EURUSD.s H1
2025-11-09 12:07:44,708 - TradingBot - WARNING - No data returned for EURUSD.s H4
2025-11-09 12:07:44,710 - TradingBot - WARNING - No data returned for EURUSD.s M15
2025-11-09 12:07:44,710 - TradingBot - WARNING - No data returned for EURUSD.s H1
2025-11-09 12:07:44,711 - TradingBot - WARNING - No data returned for EURUSD.s H4
2025-11-09 12:07:44,713 - TradingBot - WARNING - No data returned for EURUSD.s M15
2025-11-09 12:07:44,714 - TradingBot - WARNING - No data returned for EURUSD.s H1
2025-11-09 12:07:44,714 - TradingBot - WARNING - No data returned for EURUSD.s H4
2025-11-09 12:07:44,716 - TradingBot - WARNING - No data returned for EURUSD.s M15
2025-11-09 12:07:44,717 - TradingBot - WARNING - No data returned for EURUSD.s H1
2025-11-09 12:07:44,718 - TradingBot - WARNING - No data returned for EURUSD.s H4
2025-11-09 12:07:44,719 - TradingBot - WARNING - No data returned for EURUSD.s M15
2025-11-09 12:07:44,722 - TradingBot - WARNING - No data returned for EURUSD.s H1
2025-11-09 12:07:44,724 - TradingBot - WARNING - No data returned for EURUSD.s H4
2025-11-09 12:07:44,726 - TradingBot - WARNING - No data returned for EURUSD.s M15
2025-11-09 12:07:44,726 - TradingBot - WARNING - No data returned for EURUSD.s H1
2025-11-09 12:07:44,727 - TradingBot - WARNING - No data returned for EURUSD.s H4
2025-11-09 12:07:44,729 - TradingBot - WARNING - No data returned for EURUSD.s M15
2025-11-09 12:07:44,729 - TradingBot - WARNING - No data returned for EURUSD.s H1
2025-11-09 12:07:44,730 - TradingBot - WARNING - No data returned for EURUSD.s H4
2025-11-09 12:07:44,732 - TradingBot - WARNING - No data returned for EURUSD.s M15
2025-11-09 12:07:44,733 - TradingBot - WARNING - No data returned for EURUSD.s H1
2025-11-09 12:07:44,734 - TradingBot - WARNING - No data returned for EURUSD.s H4
2025-11-09 12:07:44,735 - TradingBot - WARNING - No data returned for EURUSD.s M15
2025-11-09 12:07:44,740 - TradingBot - WARNING - No data returned for EURUSD.s H1
2025-11-09 12:07:44,743 - TradingBot - WARNING - No data returned for EURUSD.s H4
2025-11-09 12:07:44,745 - TradingBot - WARNING - No data returned for EURUSD.s M15
2025-11-09 12:07:44,746 - TradingBot - WARNING - No data returned for EURUSD.s H1
2025-11-09 12:07:44,747 - TradingBot - WARNING - No data returned for EURUSD.s H4
2025-11-09 12:07:44,750 - TradingBot - WARNING - No data returned for EURUSD.s M15
2025-11-09 12:07:44,751 - TradingBot - WARNING - No data returned for EURUSD.s H1
2025-11-09 12:07:44,753 - TradingBot - WARNING - No data returned for EURUSD.s H4
2025-11-09 12:07:44,757 - TradingBot - WARNING - No data returned for EURUSD.s M15
2025-11-09 12:07:44,757 - TradingBot - WARNING - No data returned for EURUSD.s H1
2025-11-09 12:07:44,758 - TradingBot - WARNING - No data returned for EURUSD.s H4
2025-11-09 12:07:54,225 - TradingBot - WARNING - No data returned for XAUUSD.s M15
2025-11-09 12:07:54,226 - TradingBot - WARNING - No data returned for XAUUSD.s H1
2025-11-09 12:07:54,227 - TradingBot - WARNING - No data returned for XAUUSD.s H4
2025-11-09 12:07:54,229 - TradingBot - WARNING - No data returned for XAUUSD.s M15
2025-11-09 12:07:54,230 - TradingBot - WARNING - No data returned for XAUUSD.s H1
2025-11-09 12:07:54,231 - TradingBot - WARNING - No data returned for XAUUSD.s H4
2025-11-09 12:07:54,254 - TradingBot - WARNING - No data returned for USDJPY.s M15
2025-11-09 12:07:54,254 - TradingBot - WARNING - No data returned for USDJPY.s H1
2025-11-09 12:07:54,256 - TradingBot - WARNING - No data returned for USDJPY.s H4
2025-11-09 12:07:54,258 - TradingBot - WARNING - No data returned for USDJPY.s M15
2025-11-09 12:07:54,259 - TradingBot - WARNING - No data returned for USDJPY.s H1
2025-11-09 12:07:54,260 - TradingBot - WARNING - No data returned for USDJPY.s H4
2025-11-09 12:07:54,275 - TradingBot - WARNING - No data returned for EURUSD.s M15
2025-11-09 12:07:54,276 - TradingBot - WARNING - No data returned for EURUSD.s H1
2025-11-09 12:07:54,276 - TradingBot - WARNING - No data returned for EURUSD.s H4
2025-11-09 12:07:54,277 - TradingBot - WARNING - No data returned for EURUSD.s M15
2025-11-09 12:07:54,278 - TradingBot - WARNING - No data returned for EURUSD.s H1
2025-11-09 12:07:54,278 - TradingBot - WARNING - No data returned for EURUSD.s H4
2025-11-09 12:15:58,352 - TradingBot - WARNING - No data returned for XAUUSD.s M15
2025-11-09 12:15:58,353 - TradingBot - WARNING - No data returned for XAUUSD.s H1
2025-11-09 12:15:58,353 - TradingBot - WARNING - No data returned for XAUUSD.s H4
2025-11-09 12:15:58,370 - TradingBot - WARNING - No data returned for XAUUSD.s M15
2025-11-09 12:15:58,371 - TradingBot - WARNING - No data returned for XAUUSD.s H1
2025-11-09 12:15:58,371 - TradingBot - WARNING - No data returned for XAUUSD.s H4
2025-11-09 12:15:58,462 - TradingBot - WARNING - No data returned for USDJPY.s M15
2025-11-09 12:15:58,463 - TradingBot - WARNING - No data returned for USDJPY.s H1
2025-11-09 12:15:58,463 - TradingBot - WARNING - No data returned for USDJPY.s H4
2025-11-09 12:15:58,480 - TradingBot - WARNING - No data returned for USDJPY.s M15
2025-11-09 12:15:58,481 - TradingBot - WARNING - No data returned for USDJPY.s H1
2025-11-09 12:15:58,481 - TradingBot - WARNING - No data returned for USDJPY.s H4
2025-11-09 12:15:58,574 - TradingBot - WARNING - No data returned for EURUSD.s M15
2025-11-09 12:15:58,574 - TradingBot - WARNING - No data returned for EURUSD.s H1
2025-11-09 12:15:58,575 - TradingBot - WARNING - No data returned for EURUSD.s H4
2025-11-09 12:15:58,592 - TradingBot - WARNING - No data returned for EURUSD.s M15
2025-11-09 12:15:58,592 - TradingBot - WARNING - No data returned for EURUSD.s H1
2025-11-09 12:15:58,592 - TradingBot - WARNING - No data returned for EURUSD.s H4
2025-11-09 12:19:16,965 - TradingBot - WARNING - No data returned for XAUUSD.s M15
2025-11-09 12:19:16,966 - TradingBot - WARNING - No data returned for XAUUSD.s H1
2025-11-09 12:19:16,966 - TradingBot - WARNING - No data returned for XAUUSD.s H4
2025-11-09 12:19:16,984 - TradingBot - WARNING - No data returned for XAUUSD.s M15
2025-11-09 12:19:16,984 - TradingBot - WARNING - No data returned for XAUUSD.s H1
2025-11-09 12:19:16,984 - TradingBot - WARNING - No data returned for XAUUSD.s H4
2025-11-09 12:19:17,013 - TradingBot - WARNING - No data returned for USDJPY.s M15
2025-11-09 12:19:17,014 - TradingBot - WARNING - No data returned for USDJPY.s H1
2025-11-09 12:19:17,015 - TradingBot - WARNING - No data returned for USDJPY.s H4
2025-11-09 12:19:17,030 - TradingBot - WARNING - No data returned for USDJPY.s M15
2025-11-09 12:19:17,031 - TradingBot - WARNING - No data returned for USDJPY.s H1
2025-11-09 12:19:17,031 - TradingBot - WARNING - No data returned for USDJPY.s H4
2025-11-09 12:19:17,059 - TradingBot - WARNING - No data returned for EURUSD.s M15
2025-11-09 12:19:17,060 - TradingBot - WARNING - No data returned for EURUSD.s H1
2025-11-09 12:19:17,060 - TradingBot - WARNING - No data returned for EURUSD.s H4
2025-11-09 12:19:17,075 - TradingBot - WARNING - No data returned for EURUSD.s M15
2025-11-09 12:19:17,076 - TradingBot - WARNING - No data returned for EURUSD.s H1
2025-11-09 12:19:17,076 - TradingBot - WARNING - No data returned for EURUSD.s H4
2025-11-09 12:24:44,135 - TradingBot - WARNING - No data returned for XAUUSD.s M15
2025-11-09 12:24:44,135 - TradingBot - WARNING - No data returned for XAUUSD.s H1
2025-11-09 12:24:44,136 - TradingBot - WARNING - No data returned for XAUUSD.s H4
2025-11-09 12:24:44,152 - TradingBot - WARNING - No data returned for XAUUSD.s M15
2025-11-09 12:24:44,152 - TradingBot - WARNING - No data returned for XAUUSD.s H1
2025-11-09 12:24:44,153 - TradingBot - WARNING - No data returned for XAUUSD.s H4
2025-11-09 12:24:44,180 - TradingBot - WARNING - No data returned for USDJPY.s M15
2025-11-09 12:24:44,180 - TradingBot - WARNING - No data returned for USDJPY.s H1
2025-11-09 12:24:44,181 - TradingBot - WARNING - No data returned for USDJPY.s H4
2025-11-09 12:24:44,195 - TradingBot - WARNING - No data returned for USDJPY.s M15
2025-11-09 12:24:44,196 - TradingBot - WARNING - No data returned for USDJPY.s H1
2025-11-09 12:24:44,196 - TradingBot - WARNING - No data returned for USDJPY.s H4
2025-11-09 12:24:44,221 - TradingBot - WARNING - No data returned for EURUSD.s M15
2025-11-09 12:24:44,221 - TradingBot - WARNING - No data returned for EURUSD.s H1
2025-11-09 12:24:44,221 - TradingBot - WARNING - No data returned for EURUSD.s H4
2025-11-09 12:24:44,235 - TradingBot - WARNING - No data returned for EURUSD.s M15
2025-11-09 12:24:44,236 - TradingBot - WARNING - No data returned for EURUSD.s H1
2025-11-09 12:24:44,236 - TradingBot - WARNING - No data returned for EURUSD.s H4
2025-11-09 12:27:26,212 - TradingBot - WARNING - No data returned for XAUUSD.s M15
2025-11-09 12:27:26,212 - TradingBot - WARNING - No data returned for XAUUSD.s H1
2025-11-09 12:27:26,212 - TradingBot - WARNING - No data returned for XAUUSD.s H4
2025-11-09 12:27:26,228 - TradingBot - WARNING - No data returned for XAUUSD.s M15
2025-11-09 12:27:26,229 - TradingBot - WARNING - No data returned for XAUUSD.s H1
2025-11-09 12:27:26,229 - TradingBot - WARNING - No data returned for XAUUSD.s H4
2025-11-09 12:27:26,257 - TradingBot - WARNING - No data returned for USDJPY.s M15
2025-11-09 12:27:26,257 - TradingBot - WARNING - No data returned for USDJPY.s H1
2025-11-09 12:27:26,258 - TradingBot - WARNING - No data returned for USDJPY.s H4
2025-11-09 12:27:26,273 - TradingBot - WARNING - No data returned for USDJPY.s M15
2025-11-09 12:27:26,274 - TradingBot - WARNING - No data returned for USDJPY.s H1
2025-11-09 12:27:26,274 - TradingBot - WARNING - No data returned for USDJPY.s H4
2025-11-09 12:27:26,299 - TradingBot - WARNING - No data returned for EURUSD.s M15
2025-11-09 12:27:26,301 - TradingBot - WARNING - No data returned for EURUSD.s H1
2025-11-09 12:27:26,301 - TradingBot - WARNING - No data returned for EURUSD.s H4
2025-11-09 12:27:26,316 - TradingBot - WARNING - No data returned for EURUSD.s M15
2025-11-09 12:27:26,316 - TradingBot - WARNING - No data returned for EURUSD.s H1
2025-11-09 12:27:26,316 - TradingBot - WARNING - No data returned for EURUSD.s H4
2025-11-09 12:33:15,530 - TradingBot - INFO - Using provided multi-timeframe data: ['M15', 'H1', 'H4']
2025-11-09 12:33:15,679 - TradingBot - INFO - ML Confidence for XAUUSD.s: 0.000
2025-11-09 12:33:15,902 - TradingBot - ERROR - Error generating signals for XAUUSD.s: attempted relative import beyond top-level package
2025-11-09 12:33:15,919 - TradingBot - INFO - Using provided multi-timeframe data: ['M15', 'H1', 'H4']
2025-11-09 12:33:16,097 - TradingBot - INFO - ML Confidence for XAUUSD.s: 0.000
2025-11-09 12:33:16,099 - TradingBot - ERROR - Error generating signals for XAUUSD.s: attempted relative import beyond top-level package
2025-11-09 12:33:16,125 - TradingBot - INFO - Using provided multi-timeframe data: ['M15', 'H1', 'H4']
2025-11-09 12:33:16,279 - TradingBot - INFO - ML Confidence for USDJPY.s: 0.000
2025-11-09 12:33:16,281 - TradingBot - ERROR - Error generating signals for USDJPY.s: attempted relative import beyond top-level package
2025-11-09 12:33:16,297 - TradingBot - INFO - Using provided multi-timeframe data: ['M15', 'H1', 'H4']
2025-11-09 12:33:16,476 - TradingBot - INFO - ML Confidence for USDJPY.s: 0.000
2025-11-09 12:33:16,478 - TradingBot - ERROR - Error generating signals for USDJPY.s: attempted relative import beyond top-level package
2025-11-09 12:33:16,505 - TradingBot - INFO - Using provided multi-timeframe data: ['M15', 'H1', 'H4']
2025-11-09 12:33:16,642 - TradingBot - INFO - ML Confidence for EURUSD.s: 0.000
2025-11-09 12:33:16,644 - TradingBot - ERROR - Error generating signals for EURUSD.s: attempted relative import beyond top-level package
2025-11-09 12:33:16,661 - TradingBot - INFO - Using provided multi-timeframe data: ['M15', 'H1', 'H4']
2025-11-09 12:33:16,868 - TradingBot - INFO - ML Confidence for EURUSD.s: 0.000
2025-11-09 12:33:16,870 - TradingBot - ERROR - Error generating signals for EURUSD.s: attempted relative import beyond top-level package
2025-11-09 12:37:13,333 - TradingBot - INFO - Using provided multi-timeframe data: ['M15', 'H1', 'H4']
2025-11-09 12:37:13,493 - TradingBot - INFO - ML Confidence for XAUUSD.s: 0.000
2025-11-09 12:37:13,738 - TradingBot - INFO - Generated BUY signal from multi_timeframe_momentum with confidence 0.532
2025-11-09 12:37:13,740 - TradingBot - INFO - Total signals generated for XAUUSD.s: 1
2025-11-09 12:37:13,755 - TradingBot - INFO - Using provided multi-timeframe data: ['M15', 'H1', 'H4']
2025-11-09 12:37:13,925 - TradingBot - INFO - ML Confidence for XAUUSD.s: 0.000
2025-11-09 12:37:14,136 - TradingBot - INFO - Total signals generated for XAUUSD.s: 0
2025-11-09 12:37:14,163 - TradingBot - INFO - Using provided multi-timeframe data: ['M15', 'H1', 'H4']
2025-11-09 12:37:14,318 - TradingBot - INFO - ML Confidence for USDJPY.s: 0.000
2025-11-09 12:37:14,510 - TradingBot - INFO - Total signals generated for USDJPY.s: 0
2025-11-09 12:37:14,525 - TradingBot - INFO - Using provided multi-timeframe data: ['M15', 'H1', 'H4']
2025-11-09 12:37:14,713 - TradingBot - INFO - ML Confidence for USDJPY.s: 0.000
2025-11-09 12:37:14,915 - TradingBot - INFO - Total signals generated for USDJPY.s: 0
2025-11-09 12:37:14,942 - TradingBot - INFO - Using provided multi-timeframe data: ['M15', 'H1', 'H4']
2025-11-09 12:37:15,088 - TradingBot - INFO - ML Confidence for EURUSD.s: 0.000
2025-11-09 12:37:15,261 - TradingBot - INFO - Total signals generated for EURUSD.s: 0
2025-11-09 12:37:15,279 - TradingBot - INFO - Using provided multi-timeframe data: ['M15', 'H1', 'H4']
2025-11-09 12:37:15,464 - TradingBot - INFO - ML Confidence for EURUSD.s: 0.000
2025-11-09 12:37:15,696 - TradingBot - INFO - Total signals generated for EURUSD.s: 0
